<?xml version="1.0" encoding="UTF-8"?>
<!-- Generated by org.testng.reporters.JUnitXMLReporter -->
<testsuite ignored="0" hostname="MacBook-Pro-de-fernando.local" failures="1" tests="8" name="Command line test" time="48.347" errors="0" timestamp="2020-12-17T17:31:03 CET">
  <testcase classname="clase2.EjerciciosLocalizadoresTest" name="customSalesforceLink" time="10.329">
    <failure type="org.openqa.selenium.NoSuchElementException" message="no such element: Unable to locate element: {&amp;quot;method&amp;quot;:&amp;quot;css selector&amp;quot;,&amp;quot;selector&amp;quot;:&amp;quot;#okta\-signin\-username&amp;quot;}
  (Session info: chrome=87.0.4280.88)
For documentation on this error, please visit: https://www.seleniumhq.org/exceptions/no_such_element.html
Build info: version: &amp;apos;3.141.59&amp;apos;, revision: &amp;apos;e82be7d358&amp;apos;, time: &amp;apos;2018-11-14T08:17:03&amp;apos;
System info: host: &amp;apos;MacBook-Pro-de-fernando.local&amp;apos;, ip: &amp;apos;fe80:0:0:0:b:27e1:76bd:d474%en0&amp;apos;, os.name: &amp;apos;Mac OS X&amp;apos;, os.arch: &amp;apos;x86_64&amp;apos;, os.version: &amp;apos;10.16&amp;apos;, java.version: &amp;apos;14.0.1&amp;apos;
Driver info: org.openqa.selenium.chrome.ChromeDriver
Capabilities {acceptInsecureCerts: false, browserName: chrome, browserVersion: 87.0.4280.88, chrome: {chromedriverVersion: 86.0.4240.22 (398b0743353ff..., userDataDir: /var/folders/3v/1sl8t8xd1ql...}, goog:chromeOptions: {debuggerAddress: localhost:56615}, javascriptEnabled: true, networkConnectionEnabled: false, pageLoadStrategy: normal, platform: MAC, platformName: MAC, proxy: Proxy(), setWindowRect: true, strictFileInteractability: false, timeouts: {implicit: 0, pageLoad: 300000, script: 30000}, unhandledPromptBehavior: dismiss and notify, webauthn:virtualAuthenticators: true}
Session ID: 76e2e8e50d790a9542d6df5543d12419
*** Element info: {Using=id, value=okta-signin-username}">
      <![CDATA[org.openqa.selenium.NoSuchElementException: no such element: Unable to locate element: {"method":"css selector","selector":"#okta\-signin\-username"}
  (Session info: chrome=87.0.4280.88)
For documentation on this error, please visit: https://www.seleniumhq.org/exceptions/no_such_element.html
Build info: version: '3.141.59', revision: 'e82be7d358', time: '2018-11-14T08:17:03'
System info: host: 'MacBook-Pro-de-fernando.local', ip: 'fe80:0:0:0:b:27e1:76bd:d474%en0', os.name: 'Mac OS X', os.arch: 'x86_64', os.version: '10.16', java.version: '14.0.1'
Driver info: org.openqa.selenium.chrome.ChromeDriver
Capabilities {acceptInsecureCerts: false, browserName: chrome, browserVersion: 87.0.4280.88, chrome: {chromedriverVersion: 86.0.4240.22 (398b0743353ff..., userDataDir: /var/folders/3v/1sl8t8xd1ql...}, goog:chromeOptions: {debuggerAddress: localhost:56615}, javascriptEnabled: true, networkConnectionEnabled: false, pageLoadStrategy: normal, platform: MAC, platformName: MAC, proxy: Proxy(), setWindowRect: true, strictFileInteractability: false, timeouts: {implicit: 0, pageLoad: 300000, script: 30000}, unhandledPromptBehavior: dismiss and notify, webauthn:virtualAuthenticators: true}
Session ID: 76e2e8e50d790a9542d6df5543d12419
*** Element info: {Using=id, value=okta-signin-username}
at org.openqa.selenium.remote.http.W3CHttpResponseCodec.createException(W3CHttpResponseCodec.java:187)
at org.openqa.selenium.remote.http.W3CHttpResponseCodec.decode(W3CHttpResponseCodec.java:122)
at org.openqa.selenium.remote.http.W3CHttpResponseCodec.decode(W3CHttpResponseCodec.java:49)
at org.openqa.selenium.remote.HttpCommandExecutor.execute(HttpCommandExecutor.java:158)
at org.openqa.selenium.remote.service.DriverCommandExecutor.execute(DriverCommandExecutor.java:83)
at org.openqa.selenium.remote.RemoteWebDriver.execute(RemoteWebDriver.java:552)
at org.openqa.selenium.remote.RemoteWebDriver.findElement(RemoteWebDriver.java:323)
at org.openqa.selenium.remote.RemoteWebDriver.findElementById(RemoteWebDriver.java:372)
at org.openqa.selenium.By$ById.findElement(By.java:188)
at org.openqa.selenium.remote.RemoteWebDriver.findElement(RemoteWebDriver.java:315)
at clase2.EjerciciosLocalizadoresTest.customSalesforceLink(EjerciciosLocalizadoresTest.java:89)
at java.base/java.util.ArrayList.forEach(ArrayList.java:1510)
... Removed 42 stack frames]]>
    </failure>
  </testcase> <!-- customSalesforceLink -->
  <testcase classname="clase2.EjerciciosLocalizadoresTest" name="forgotAccountPartialLinkTest" time="6.846"/>
  <testcase classname="clase2.EjerciciosLocalizadoresTest" name="forgotAccountTest" time="6.228"/>
  <testcase classname="clase2.EjerciciosLocalizadoresTest" name="registrationToFacebookTest" time="9.286"/>
  <testcase classname="clase1.PrimerTest" name="getTitleTest" time="4.287"/>
  <testcase classname="clase1.PrimerTest" name="mostrarSpotifyLinks" time="3.778"/>
  <testcase classname="clase1.PrimerTest" name="spotifyTest" time="4.256"/>
  <testcase classname="clase1.PrimerTest" name="testing" time="3.289"/>
</testsuite> <!-- Command line test -->
