<?xml version="1.0" encoding="UTF-8"?>
<!-- Generated by org.testng.reporters.JUnitXMLReporter -->
<testsuite hostname="MacBook-Pro-de-fernando.local" ignored="3" name="Command line test" tests="71" failures="11" timestamp="2021-03-06T11:36:14 CET" time="403.672" errors="0">
  <testcase name="@BeforeMethod setup" time="4.891" classname="Hook.BeforeAfterDriver.DriverSpotify">
    <failure type="org.openqa.selenium.ElementClickInterceptedException" message="element click intercepted: Element is not clickable at point (142, 672)
  (Session info: chrome=89.0.4389.72)
Build info: version: &amp;apos;3.141.59&amp;apos;, revision: &amp;apos;e82be7d358&amp;apos;, time: &amp;apos;2018-11-14T08:17:03&amp;apos;
System info: host: &amp;apos;MacBook-Pro-de-fernando.local&amp;apos;, ip: &amp;apos;fe80:0:0:0:14fa:8833:38ad:407b%en0&amp;apos;, os.name: &amp;apos;Mac OS X&amp;apos;, os.arch: &amp;apos;x86_64&amp;apos;, os.version: &amp;apos;10.16&amp;apos;, java.version: &amp;apos;1.8.0_181&amp;apos;
Driver info: org.openqa.selenium.chrome.ChromeDriver
Capabilities {acceptInsecureCerts: false, browserName: chrome, browserVersion: 89.0.4389.72, chrome: {chromedriverVersion: 88.0.4324.27 (6347fe8bf1e48..., userDataDir: /var/folders/3v/1sl8t8xd1ql...}, goog:chromeOptions: {debuggerAddress: localhost:50390}, javascriptEnabled: true, networkConnectionEnabled: false, pageLoadStrategy: normal, platform: MAC, platformName: MAC, proxy: Proxy(), setWindowRect: true, strictFileInteractability: false, timeouts: {implicit: 0, pageLoad: 300000, script: 30000}, unhandledPromptBehavior: dismiss and notify, webauthn:extension:largeBlob: true, webauthn:virtualAuthenticators: true}
Session ID: 9094011204a3888914f99849e6b4077b">
      <![CDATA[org.openqa.selenium.ElementClickInterceptedException: element click intercepted: Element is not clickable at point (142, 672)
  (Session info: chrome=89.0.4389.72)
Build info: version: '3.141.59', revision: 'e82be7d358', time: '2018-11-14T08:17:03'
System info: host: 'MacBook-Pro-de-fernando.local', ip: 'fe80:0:0:0:14fa:8833:38ad:407b%en0', os.name: 'Mac OS X', os.arch: 'x86_64', os.version: '10.16', java.version: '1.8.0_181'
Driver info: org.openqa.selenium.chrome.ChromeDriver
Capabilities {acceptInsecureCerts: false, browserName: chrome, browserVersion: 89.0.4389.72, chrome: {chromedriverVersion: 88.0.4324.27 (6347fe8bf1e48..., userDataDir: /var/folders/3v/1sl8t8xd1ql...}, goog:chromeOptions: {debuggerAddress: localhost:50390}, javascriptEnabled: true, networkConnectionEnabled: false, pageLoadStrategy: normal, platform: MAC, platformName: MAC, proxy: Proxy(), setWindowRect: true, strictFileInteractability: false, timeouts: {implicit: 0, pageLoad: 300000, script: 30000}, unhandledPromptBehavior: dismiss and notify, webauthn:extension:largeBlob: true, webauthn:virtualAuthenticators: true}
Session ID: 9094011204a3888914f99849e6b4077b
at org.openqa.selenium.remote.http.W3CHttpResponseCodec.createException(W3CHttpResponseCodec.java:187)
at org.openqa.selenium.remote.http.W3CHttpResponseCodec.decode(W3CHttpResponseCodec.java:122)
at org.openqa.selenium.remote.http.W3CHttpResponseCodec.decode(W3CHttpResponseCodec.java:49)
at org.openqa.selenium.remote.HttpCommandExecutor.execute(HttpCommandExecutor.java:158)
at org.openqa.selenium.remote.service.DriverCommandExecutor.execute(DriverCommandExecutor.java:83)
at org.openqa.selenium.remote.RemoteWebDriver.execute(RemoteWebDriver.java:552)
at org.openqa.selenium.remote.RemoteWebElement.execute(RemoteWebElement.java:285)
at org.openqa.selenium.remote.RemoteWebElement.click(RemoteWebElement.java:84)
at Hook.Utilities.click_element_xpath(Utilities.java:74)
at PageObject.Spotify.spotifyHomePage.accept_cookies(spotifyHomePage.java:25)
at Hook.BeforeAfterDriver.DriverSpotify.setup(DriverSpotify.java:29)
at java.util.ArrayList.forEach(ArrayList.java:1257)
... Removed 45 stack frames]]>
    </failure>
  </testcase> <!-- @BeforeMethod setup -->
  <testcase name="@AfterMethod cerrarDriver" time="-1.615026635534E9" classname="Hook.BeforeAfterDriver.DriverSpotify">
    <skipped/>
  </testcase> <!-- @AfterMethod cerrarDriver -->
  <testcase name="@BeforeMethod setup" time="-1.61502672718E9" classname="Hook.BeforeAfterDriver.DriverSpotify">
    <skipped/>
  </testcase> <!-- @BeforeMethod setup -->
  <testcase name="@AfterMethod cerrarDriver" time="-1.61502672718E9" classname="Hook.BeforeAfterDriver.DriverSpotify">
    <skipped/>
  </testcase> <!-- @AfterMethod cerrarDriver -->
  <testcase name="@BeforeMethod setup" time="-1.615026786352E9" classname="Hook.BeforeAfterDriver.DriverSpotify">
    <skipped/>
  </testcase> <!-- @BeforeMethod setup -->
  <testcase name="@AfterMethod cerrarDriver" time="-1.615026786353E9" classname="Hook.BeforeAfterDriver.DriverSpotify">
    <skipped/>
  </testcase> <!-- @AfterMethod cerrarDriver -->
  <testcase name="@BeforeMethod setup" time="-1.615026802442E9" classname="Hook.BeforeAfterDriver.DriverSpotify">
    <skipped/>
  </testcase> <!-- @BeforeMethod setup -->
  <testcase name="@AfterMethod cerrarDriver" time="-1.615026802442E9" classname="Hook.BeforeAfterDriver.DriverSpotify">
    <skipped/>
  </testcase> <!-- @AfterMethod cerrarDriver -->
  <testcase name="@BeforeMethod setup" time="-1.6150268119E9" classname="Hook.BeforeAfterDriver.DriverSpotify">
    <skipped/>
  </testcase> <!-- @BeforeMethod setup -->
  <testcase name="@AfterMethod cerrarDriver" time="-1.6150268119E9" classname="Hook.BeforeAfterDriver.DriverSpotify">
    <skipped/>
  </testcase> <!-- @AfterMethod cerrarDriver -->
  <testcase name="@BeforeMethod setup" time="-1.615026811902E9" classname="Hook.BeforeAfterDriver.DriverSpotify">
    <skipped/>
  </testcase> <!-- @BeforeMethod setup -->
  <testcase name="@AfterMethod cerrarDriver" time="-1.615026811902E9" classname="Hook.BeforeAfterDriver.DriverSpotify">
    <skipped/>
  </testcase> <!-- @AfterMethod cerrarDriver -->
  <testcase name="@BeforeMethod setup" time="-1.615026811902E9" classname="Hook.BeforeAfterDriver.DriverSpotify">
    <skipped/>
  </testcase> <!-- @BeforeMethod setup -->
  <testcase name="@AfterMethod cerrarDriver" time="-1.615026811903E9" classname="Hook.BeforeAfterDriver.DriverSpotify">
    <skipped/>
  </testcase> <!-- @AfterMethod cerrarDriver -->
  <testcase name="@BeforeMethod setup" time="-1.615026811903E9" classname="Hook.BeforeAfterDriver.DriverSpotify">
    <skipped/>
  </testcase> <!-- @BeforeMethod setup -->
  <testcase name="@AfterMethod cerrarDriver" time="-1.615026811903E9" classname="Hook.BeforeAfterDriver.DriverSpotify">
    <skipped/>
  </testcase> <!-- @AfterMethod cerrarDriver -->
  <testcase name="@BeforeMethod setup" time="-1.615026811904E9" classname="Hook.BeforeAfterDriver.DriverSpotify">
    <skipped/>
  </testcase> <!-- @BeforeMethod setup -->
  <testcase name="@AfterMethod cerrarDriver" time="-1.615026811904E9" classname="Hook.BeforeAfterDriver.DriverSpotify">
    <skipped/>
  </testcase> <!-- @AfterMethod cerrarDriver -->
  <testcase name="@BeforeMethod setup" time="-1.615026811904E9" classname="Hook.BeforeAfterDriver.DriverSpotify">
    <skipped/>
  </testcase> <!-- @BeforeMethod setup -->
  <testcase name="@AfterMethod cerrarDriver" time="-1.615026811905E9" classname="Hook.BeforeAfterDriver.DriverSpotify">
    <skipped/>
  </testcase> <!-- @AfterMethod cerrarDriver -->
  <testcase name="@BeforeMethod setup" time="-1.615026811905E9" classname="Hook.BeforeAfterDriver.DriverSpotify">
    <skipped/>
  </testcase> <!-- @BeforeMethod setup -->
  <testcase name="@AfterMethod cerrarDriver" time="-1.615026811905E9" classname="Hook.BeforeAfterDriver.DriverSpotify">
    <skipped/>
  </testcase> <!-- @AfterMethod cerrarDriver -->
  <testcase name="@BeforeMethod setup" time="-1.615026811906E9" classname="Hook.BeforeAfterDriver.DriverSpotify">
    <skipped/>
  </testcase> <!-- @BeforeMethod setup -->
  <testcase name="@AfterMethod cerrarDriver" time="-1.615026811906E9" classname="Hook.BeforeAfterDriver.DriverSpotify">
    <skipped/>
  </testcase> <!-- @AfterMethod cerrarDriver -->
  <testcase name="nombresEdad" time="0.003" classname="test.DataProviderTest.PeopleSimpleTest"/>
  <testcase name="nombresEdad" time="0.0" classname="test.DataProviderTest.PeopleSimpleTest"/>
  <testcase name="fillFormWithFakers" time="4.963" classname="test.DataProviderTest.fillFormWithFakersTest"/>
  <testcase name="nombresEdad" time="0.0" classname="test.DataProviderTest.PeopleTest"/>
  <testcase name="nombresEdad" time="0.0" classname="test.DataProviderTest.PeopleTest"/>
  <testcase name="nombrePaisCapital" time="0.0" classname="test.DataProviderTest.DataGeneratorTest"/>
  <testcase name="nombrePaisCapital" time="0.0" classname="test.DataProviderTest.DataGeneratorTest"/>
  <testcase name="nombresEdad" time="0.001" classname="test.DataProviderTest.DataGeneratorTest"/>
  <testcase name="nombresEdad" time="0.0" classname="test.DataProviderTest.DataGeneratorTest"/>
  <testcase name="nombresEdad" time="0.0" classname="test.DataProviderTest.DataProviderPeopleTest"/>
  <testcase name="nombresEdad" time="0.0" classname="test.DataProviderTest.DataProviderPeopleTest"/>
  <testcase name="nombresEdad" time="0.001" classname="test.DataProviderTest.SalesforceTest"/>
  <testcase name="nombresEdad" time="0.0" classname="test.DataProviderTest.SalesforceTest"/>
  <testcase name="completeDocusignRegistrationForm" time="0.473" classname="test.DocussignTest.DocusignTest"/>
  <testcase name="completeDocusignRegistrationFormFake" time="0.616" classname="test.DocussignTest.DocusignTest"/>
  <testcase name="setup" time="4.474" classname="Hook.BeforeAfterDriver.DriverNetflix"/>
  <testcase name="setup" time="4.023" classname="Hook.BeforeAfterDriver.DriverNetflix"/>
  <testcase name="defaultxPath" time="0.473" classname="test.DocussignTest.DocusignTest"/>
  <testcase name="setup" time="4.747" classname="Hook.BeforeAfterDriver.DriverSpotify"/>
  <testcase name="verifySpotifyTitle" time="0.0" classname="test.SpotifyTest.SpotifyTest">
    <skipped/>
  </testcase> <!-- verifySpotifyTitle -->
  <testcase name="nombrePaisCapital" time="10.563" classname="test.ExamTest.Netflix">
    <failure type="org.openqa.selenium.TimeoutException" message="Expected condition failed: waiting for presence of element located by: By.xpath: //span[contains(text(),&amp;apos;EMPEZAR&amp;apos;)] (tried for 10 second(s) with 500 milliseconds interval)">
      <![CDATA[org.openqa.selenium.TimeoutException: Expected condition failed: waiting for presence of element located by: By.xpath: //span[contains(text(),'EMPEZAR')] (tried for 10 second(s) with 500 milliseconds interval)
at org.openqa.selenium.support.ui.WebDriverWait.timeoutException(WebDriverWait.java:95)
at org.openqa.selenium.support.ui.FluentWait.until(FluentWait.java:272)
at Hook.Utilities.click_element_xpath(Utilities.java:72)
at PageObject.Netflix.NetflixHome.tap_Empezar(NetflixHome.java:46)
at test.ExamTest.Netflix.nombrePaisCapital(Netflix.java:67)
at java.util.ArrayList.forEach(ArrayList.java:1257)
Caused by: org.openqa.selenium.NoSuchElementException: no such element: Unable to locate element: {"method":"xpath","selector":"//span[contains(text(),'EMPEZAR')]"}
  (Session info: chrome=89.0.4389.72)
For documentation on this error, please visit: https://www.seleniumhq.org/exceptions/no_such_element.html
Build info: version: '3.141.59', revision: 'e82be7d358', time: '2018-11-14T08:17:03'
System info: host: 'MacBook-Pro-de-fernando.local', ip: 'fe80:0:0:0:14fa:8833:38ad:407b%en0', os.name: 'Mac OS X', os.arch: 'x86_64', os.version: '10.16', java.version: '1.8.0_181'
Driver info: org.openqa.selenium.chrome.ChromeDriver
Capabilities {acceptInsecureCerts: false, browserName: chrome, browserVersion: 89.0.4389.72, chrome: {chromedriverVersion: 88.0.4324.27 (6347fe8bf1e48..., userDataDir: /var/folders/3v/1sl8t8xd1ql...}, goog:chromeOptions: {debuggerAddress: localhost:50419}, javascriptEnabled: true, networkConnectionEnabled: false, pageLoadStrategy: normal, platform: MAC, platformName: MAC, proxy: Proxy(), setWindowRect: true, strictFileInteractability: false, timeouts: {implicit: 0, pageLoad: 300000, script: 30000}, unhandledPromptBehavior: dismiss and notify, webauthn:extension:largeBlob: true, webauthn:virtualAuthenticators: true}
Session ID: 366f046b48f576dc9bf96cd1055c76a6
*** Element info: {Using=xpath, value=//span[contains(text(),'EMPEZAR')]}
at org.openqa.selenium.remote.http.W3CHttpResponseCodec.createException(W3CHttpResponseCodec.java:187)
at org.openqa.selenium.remote.http.W3CHttpResponseCodec.decode(W3CHttpResponseCodec.java:122)
at org.openqa.selenium.remote.http.W3CHttpResponseCodec.decode(W3CHttpResponseCodec.java:49)
at org.openqa.selenium.remote.HttpCommandExecutor.execute(HttpCommandExecutor.java:158)
at org.openqa.selenium.remote.service.DriverCommandExecutor.execute(DriverCommandExecutor.java:83)
at org.openqa.selenium.remote.RemoteWebDriver.execute(RemoteWebDriver.java:552)
at org.openqa.selenium.remote.RemoteWebDriver.findElement(RemoteWebDriver.java:323)
at org.openqa.selenium.remote.RemoteWebDriver.findElementByXPath(RemoteWebDriver.java:428)
at org.openqa.selenium.By$ByXPath.findElement(By.java:353)
at org.openqa.selenium.remote.RemoteWebDriver.findElement(RemoteWebDriver.java:315)
at org.openqa.selenium.support.ui.ExpectedConditions$6.apply(ExpectedConditions.java:182)
at org.openqa.selenium.support.ui.ExpectedConditions$6.apply(ExpectedConditions.java:179)
at org.openqa.selenium.support.ui.FluentWait.until(FluentWait.java:249)
... 41 more
... Removed 40 stack frames]]>
    </failure>
  </testcase> <!-- nombrePaisCapital -->
  <testcase name="nombrePaisCapital" time="10.649" classname="test.ExamTest.Netflix">
    <failure type="org.openqa.selenium.TimeoutException" message="Expected condition failed: waiting for presence of element located by: By.xpath: //span[contains(text(),&amp;apos;EMPEZAR&amp;apos;)] (tried for 10 second(s) with 500 milliseconds interval)">
      <![CDATA[org.openqa.selenium.TimeoutException: Expected condition failed: waiting for presence of element located by: By.xpath: //span[contains(text(),'EMPEZAR')] (tried for 10 second(s) with 500 milliseconds interval)
at org.openqa.selenium.support.ui.WebDriverWait.timeoutException(WebDriverWait.java:95)
at org.openqa.selenium.support.ui.FluentWait.until(FluentWait.java:272)
at Hook.Utilities.click_element_xpath(Utilities.java:72)
at PageObject.Netflix.NetflixHome.tap_Empezar(NetflixHome.java:46)
at test.ExamTest.Netflix.nombrePaisCapital(Netflix.java:67)
at java.util.ArrayList.forEach(ArrayList.java:1257)
Caused by: org.openqa.selenium.NoSuchElementException: no such element: Unable to locate element: {"method":"xpath","selector":"//span[contains(text(),'EMPEZAR')]"}
  (Session info: chrome=89.0.4389.72)
For documentation on this error, please visit: https://www.seleniumhq.org/exceptions/no_such_element.html
Build info: version: '3.141.59', revision: 'e82be7d358', time: '2018-11-14T08:17:03'
System info: host: 'MacBook-Pro-de-fernando.local', ip: 'fe80:0:0:0:14fa:8833:38ad:407b%en0', os.name: 'Mac OS X', os.arch: 'x86_64', os.version: '10.16', java.version: '1.8.0_181'
Driver info: org.openqa.selenium.chrome.ChromeDriver
Capabilities {acceptInsecureCerts: false, browserName: chrome, browserVersion: 89.0.4389.72, chrome: {chromedriverVersion: 88.0.4324.27 (6347fe8bf1e48..., userDataDir: /var/folders/3v/1sl8t8xd1ql...}, goog:chromeOptions: {debuggerAddress: localhost:50463}, javascriptEnabled: true, networkConnectionEnabled: false, pageLoadStrategy: normal, platform: MAC, platformName: MAC, proxy: Proxy(), setWindowRect: true, strictFileInteractability: false, timeouts: {implicit: 0, pageLoad: 300000, script: 30000}, unhandledPromptBehavior: dismiss and notify, webauthn:extension:largeBlob: true, webauthn:virtualAuthenticators: true}
Session ID: e6aa487b915c55456e365a6a105a22ee
*** Element info: {Using=xpath, value=//span[contains(text(),'EMPEZAR')]}
at org.openqa.selenium.remote.http.W3CHttpResponseCodec.createException(W3CHttpResponseCodec.java:187)
at org.openqa.selenium.remote.http.W3CHttpResponseCodec.decode(W3CHttpResponseCodec.java:122)
at org.openqa.selenium.remote.http.W3CHttpResponseCodec.decode(W3CHttpResponseCodec.java:49)
at org.openqa.selenium.remote.HttpCommandExecutor.execute(HttpCommandExecutor.java:158)
at org.openqa.selenium.remote.service.DriverCommandExecutor.execute(DriverCommandExecutor.java:83)
at org.openqa.selenium.remote.RemoteWebDriver.execute(RemoteWebDriver.java:552)
at org.openqa.selenium.remote.RemoteWebDriver.findElement(RemoteWebDriver.java:323)
at org.openqa.selenium.remote.RemoteWebDriver.findElementByXPath(RemoteWebDriver.java:428)
at org.openqa.selenium.By$ByXPath.findElement(By.java:353)
at org.openqa.selenium.remote.RemoteWebDriver.findElement(RemoteWebDriver.java:315)
at org.openqa.selenium.support.ui.ExpectedConditions$6.apply(ExpectedConditions.java:182)
at org.openqa.selenium.support.ui.ExpectedConditions$6.apply(ExpectedConditions.java:179)
at org.openqa.selenium.support.ui.FluentWait.until(FluentWait.java:249)
... 41 more
... Removed 40 stack frames]]>
    </failure>
  </testcase> <!-- nombrePaisCapital -->
  <testcase name="nombrePaisCapital" time="10.561" classname="test.ExamTest.Netflix">
    <failure type="org.openqa.selenium.TimeoutException" message="Expected condition failed: waiting for presence of element located by: By.xpath: //span[contains(text(),&amp;apos;EMPEZAR&amp;apos;)] (tried for 10 second(s) with 500 milliseconds interval)">
      <![CDATA[org.openqa.selenium.TimeoutException: Expected condition failed: waiting for presence of element located by: By.xpath: //span[contains(text(),'EMPEZAR')] (tried for 10 second(s) with 500 milliseconds interval)
at org.openqa.selenium.support.ui.WebDriverWait.timeoutException(WebDriverWait.java:95)
at org.openqa.selenium.support.ui.FluentWait.until(FluentWait.java:272)
at Hook.Utilities.click_element_xpath(Utilities.java:72)
at PageObject.Netflix.NetflixHome.tap_Empezar(NetflixHome.java:46)
at test.ExamTest.Netflix.nombrePaisCapital(Netflix.java:67)
at java.util.ArrayList.forEach(ArrayList.java:1257)
Caused by: org.openqa.selenium.NoSuchElementException: no such element: Unable to locate element: {"method":"xpath","selector":"//span[contains(text(),'EMPEZAR')]"}
  (Session info: chrome=89.0.4389.72)
For documentation on this error, please visit: https://www.seleniumhq.org/exceptions/no_such_element.html
Build info: version: '3.141.59', revision: 'e82be7d358', time: '2018-11-14T08:17:03'
System info: host: 'MacBook-Pro-de-fernando.local', ip: 'fe80:0:0:0:14fa:8833:38ad:407b%en0', os.name: 'Mac OS X', os.arch: 'x86_64', os.version: '10.16', java.version: '1.8.0_181'
Driver info: org.openqa.selenium.chrome.ChromeDriver
Capabilities {acceptInsecureCerts: false, browserName: chrome, browserVersion: 89.0.4389.72, chrome: {chromedriverVersion: 88.0.4324.27 (6347fe8bf1e48..., userDataDir: /var/folders/3v/1sl8t8xd1ql...}, goog:chromeOptions: {debuggerAddress: localhost:50517}, javascriptEnabled: true, networkConnectionEnabled: false, pageLoadStrategy: normal, platform: MAC, platformName: MAC, proxy: Proxy(), setWindowRect: true, strictFileInteractability: false, timeouts: {implicit: 0, pageLoad: 300000, script: 30000}, unhandledPromptBehavior: dismiss and notify, webauthn:extension:largeBlob: true, webauthn:virtualAuthenticators: true}
Session ID: 46172d8a45eaaf4c4ca71344dc0fa4a2
*** Element info: {Using=xpath, value=//span[contains(text(),'EMPEZAR')]}
at org.openqa.selenium.remote.http.W3CHttpResponseCodec.createException(W3CHttpResponseCodec.java:187)
at org.openqa.selenium.remote.http.W3CHttpResponseCodec.decode(W3CHttpResponseCodec.java:122)
at org.openqa.selenium.remote.http.W3CHttpResponseCodec.decode(W3CHttpResponseCodec.java:49)
at org.openqa.selenium.remote.HttpCommandExecutor.execute(HttpCommandExecutor.java:158)
at org.openqa.selenium.remote.service.DriverCommandExecutor.execute(DriverCommandExecutor.java:83)
at org.openqa.selenium.remote.RemoteWebDriver.execute(RemoteWebDriver.java:552)
at org.openqa.selenium.remote.RemoteWebDriver.findElement(RemoteWebDriver.java:323)
at org.openqa.selenium.remote.RemoteWebDriver.findElementByXPath(RemoteWebDriver.java:428)
at org.openqa.selenium.By$ByXPath.findElement(By.java:353)
at org.openqa.selenium.remote.RemoteWebDriver.findElement(RemoteWebDriver.java:315)
at org.openqa.selenium.support.ui.ExpectedConditions$6.apply(ExpectedConditions.java:182)
at org.openqa.selenium.support.ui.ExpectedConditions$6.apply(ExpectedConditions.java:179)
at org.openqa.selenium.support.ui.FluentWait.until(FluentWait.java:249)
... 41 more
... Removed 40 stack frames]]>
    </failure>
  </testcase> <!-- nombrePaisCapital -->
  <testcase name="nombrePaisCapital" time="10.568" classname="test.ExamTest.Netflix">
    <failure type="org.openqa.selenium.TimeoutException" message="Expected condition failed: waiting for presence of element located by: By.xpath: //span[contains(text(),&amp;apos;EMPEZAR&amp;apos;)] (tried for 10 second(s) with 500 milliseconds interval)">
      <![CDATA[org.openqa.selenium.TimeoutException: Expected condition failed: waiting for presence of element located by: By.xpath: //span[contains(text(),'EMPEZAR')] (tried for 10 second(s) with 500 milliseconds interval)
at org.openqa.selenium.support.ui.WebDriverWait.timeoutException(WebDriverWait.java:95)
at org.openqa.selenium.support.ui.FluentWait.until(FluentWait.java:272)
at Hook.Utilities.click_element_xpath(Utilities.java:72)
at PageObject.Netflix.NetflixHome.tap_Empezar(NetflixHome.java:46)
at test.ExamTest.Netflix.nombrePaisCapital(Netflix.java:67)
at java.util.ArrayList.forEach(ArrayList.java:1257)
Caused by: org.openqa.selenium.NoSuchElementException: no such element: Unable to locate element: {"method":"xpath","selector":"//span[contains(text(),'EMPEZAR')]"}
  (Session info: chrome=89.0.4389.72)
For documentation on this error, please visit: https://www.seleniumhq.org/exceptions/no_such_element.html
Build info: version: '3.141.59', revision: 'e82be7d358', time: '2018-11-14T08:17:03'
System info: host: 'MacBook-Pro-de-fernando.local', ip: 'fe80:0:0:0:14fa:8833:38ad:407b%en0', os.name: 'Mac OS X', os.arch: 'x86_64', os.version: '10.16', java.version: '1.8.0_181'
Driver info: org.openqa.selenium.chrome.ChromeDriver
Capabilities {acceptInsecureCerts: false, browserName: chrome, browserVersion: 89.0.4389.72, chrome: {chromedriverVersion: 88.0.4324.27 (6347fe8bf1e48..., userDataDir: /var/folders/3v/1sl8t8xd1ql...}, goog:chromeOptions: {debuggerAddress: localhost:50563}, javascriptEnabled: true, networkConnectionEnabled: false, pageLoadStrategy: normal, platform: MAC, platformName: MAC, proxy: Proxy(), setWindowRect: true, strictFileInteractability: false, timeouts: {implicit: 0, pageLoad: 300000, script: 30000}, unhandledPromptBehavior: dismiss and notify, webauthn:extension:largeBlob: true, webauthn:virtualAuthenticators: true}
Session ID: ff999a3e7470750eb67b2af51f56ff9d
*** Element info: {Using=xpath, value=//span[contains(text(),'EMPEZAR')]}
at org.openqa.selenium.remote.http.W3CHttpResponseCodec.createException(W3CHttpResponseCodec.java:187)
at org.openqa.selenium.remote.http.W3CHttpResponseCodec.decode(W3CHttpResponseCodec.java:122)
at org.openqa.selenium.remote.http.W3CHttpResponseCodec.decode(W3CHttpResponseCodec.java:49)
at org.openqa.selenium.remote.HttpCommandExecutor.execute(HttpCommandExecutor.java:158)
at org.openqa.selenium.remote.service.DriverCommandExecutor.execute(DriverCommandExecutor.java:83)
at org.openqa.selenium.remote.RemoteWebDriver.execute(RemoteWebDriver.java:552)
at org.openqa.selenium.remote.RemoteWebDriver.findElement(RemoteWebDriver.java:323)
at org.openqa.selenium.remote.RemoteWebDriver.findElementByXPath(RemoteWebDriver.java:428)
at org.openqa.selenium.By$ByXPath.findElement(By.java:353)
at org.openqa.selenium.remote.RemoteWebDriver.findElement(RemoteWebDriver.java:315)
at org.openqa.selenium.support.ui.ExpectedConditions$6.apply(ExpectedConditions.java:182)
at org.openqa.selenium.support.ui.ExpectedConditions$6.apply(ExpectedConditions.java:179)
at org.openqa.selenium.support.ui.FluentWait.until(FluentWait.java:249)
... 41 more
... Removed 40 stack frames]]>
    </failure>
  </testcase> <!-- nombrePaisCapital -->
  <testcase name="nombrePaisCapital" time="10.588" classname="test.ExamTest.Netflix">
    <failure type="org.openqa.selenium.TimeoutException" message="Expected condition failed: waiting for presence of element located by: By.xpath: //span[contains(text(),&amp;apos;EMPEZAR&amp;apos;)] (tried for 10 second(s) with 500 milliseconds interval)">
      <![CDATA[org.openqa.selenium.TimeoutException: Expected condition failed: waiting for presence of element located by: By.xpath: //span[contains(text(),'EMPEZAR')] (tried for 10 second(s) with 500 milliseconds interval)
at org.openqa.selenium.support.ui.WebDriverWait.timeoutException(WebDriverWait.java:95)
at org.openqa.selenium.support.ui.FluentWait.until(FluentWait.java:272)
at Hook.Utilities.click_element_xpath(Utilities.java:72)
at PageObject.Netflix.NetflixHome.tap_Empezar(NetflixHome.java:46)
at test.ExamTest.Netflix.nombrePaisCapital(Netflix.java:67)
at java.util.ArrayList.forEach(ArrayList.java:1257)
Caused by: org.openqa.selenium.NoSuchElementException: no such element: Unable to locate element: {"method":"xpath","selector":"//span[contains(text(),'EMPEZAR')]"}
  (Session info: chrome=89.0.4389.72)
For documentation on this error, please visit: https://www.seleniumhq.org/exceptions/no_such_element.html
Build info: version: '3.141.59', revision: 'e82be7d358', time: '2018-11-14T08:17:03'
System info: host: 'MacBook-Pro-de-fernando.local', ip: 'fe80:0:0:0:14fa:8833:38ad:407b%en0', os.name: 'Mac OS X', os.arch: 'x86_64', os.version: '10.16', java.version: '1.8.0_181'
Driver info: org.openqa.selenium.chrome.ChromeDriver
Capabilities {acceptInsecureCerts: false, browserName: chrome, browserVersion: 89.0.4389.72, chrome: {chromedriverVersion: 88.0.4324.27 (6347fe8bf1e48..., userDataDir: /var/folders/3v/1sl8t8xd1ql...}, goog:chromeOptions: {debuggerAddress: localhost:50615}, javascriptEnabled: true, networkConnectionEnabled: false, pageLoadStrategy: normal, platform: MAC, platformName: MAC, proxy: Proxy(), setWindowRect: true, strictFileInteractability: false, timeouts: {implicit: 0, pageLoad: 300000, script: 30000}, unhandledPromptBehavior: dismiss and notify, webauthn:extension:largeBlob: true, webauthn:virtualAuthenticators: true}
Session ID: d4e738a8d44c4ff8c0426b2c92f767b7
*** Element info: {Using=xpath, value=//span[contains(text(),'EMPEZAR')]}
at org.openqa.selenium.remote.http.W3CHttpResponseCodec.createException(W3CHttpResponseCodec.java:187)
at org.openqa.selenium.remote.http.W3CHttpResponseCodec.decode(W3CHttpResponseCodec.java:122)
at org.openqa.selenium.remote.http.W3CHttpResponseCodec.decode(W3CHttpResponseCodec.java:49)
at org.openqa.selenium.remote.HttpCommandExecutor.execute(HttpCommandExecutor.java:158)
at org.openqa.selenium.remote.service.DriverCommandExecutor.execute(DriverCommandExecutor.java:83)
at org.openqa.selenium.remote.RemoteWebDriver.execute(RemoteWebDriver.java:552)
at org.openqa.selenium.remote.RemoteWebDriver.findElement(RemoteWebDriver.java:323)
at org.openqa.selenium.remote.RemoteWebDriver.findElementByXPath(RemoteWebDriver.java:428)
at org.openqa.selenium.By$ByXPath.findElement(By.java:353)
at org.openqa.selenium.remote.RemoteWebDriver.findElement(RemoteWebDriver.java:315)
at org.openqa.selenium.support.ui.ExpectedConditions$6.apply(ExpectedConditions.java:182)
at org.openqa.selenium.support.ui.ExpectedConditions$6.apply(ExpectedConditions.java:179)
at org.openqa.selenium.support.ui.FluentWait.until(FluentWait.java:249)
... 41 more
... Removed 40 stack frames]]>
    </failure>
  </testcase> <!-- nombrePaisCapital -->
  <testcase name="nombrePaisCapital" time="10.542" classname="test.ExamTest.Netflix">
    <failure type="org.openqa.selenium.TimeoutException" message="Expected condition failed: waiting for presence of element located by: By.xpath: //span[contains(text(),&amp;apos;EMPEZAR&amp;apos;)] (tried for 10 second(s) with 500 milliseconds interval)">
      <![CDATA[org.openqa.selenium.TimeoutException: Expected condition failed: waiting for presence of element located by: By.xpath: //span[contains(text(),'EMPEZAR')] (tried for 10 second(s) with 500 milliseconds interval)
at org.openqa.selenium.support.ui.WebDriverWait.timeoutException(WebDriverWait.java:95)
at org.openqa.selenium.support.ui.FluentWait.until(FluentWait.java:272)
at Hook.Utilities.click_element_xpath(Utilities.java:72)
at PageObject.Netflix.NetflixHome.tap_Empezar(NetflixHome.java:46)
at test.ExamTest.Netflix.nombrePaisCapital(Netflix.java:67)
at java.util.ArrayList.forEach(ArrayList.java:1257)
Caused by: org.openqa.selenium.NoSuchElementException: no such element: Unable to locate element: {"method":"xpath","selector":"//span[contains(text(),'EMPEZAR')]"}
  (Session info: chrome=89.0.4389.72)
For documentation on this error, please visit: https://www.seleniumhq.org/exceptions/no_such_element.html
Build info: version: '3.141.59', revision: 'e82be7d358', time: '2018-11-14T08:17:03'
System info: host: 'MacBook-Pro-de-fernando.local', ip: 'fe80:0:0:0:14fa:8833:38ad:407b%en0', os.name: 'Mac OS X', os.arch: 'x86_64', os.version: '10.16', java.version: '1.8.0_181'
Driver info: org.openqa.selenium.chrome.ChromeDriver
Capabilities {acceptInsecureCerts: false, browserName: chrome, browserVersion: 89.0.4389.72, chrome: {chromedriverVersion: 88.0.4324.27 (6347fe8bf1e48..., userDataDir: /var/folders/3v/1sl8t8xd1ql...}, goog:chromeOptions: {debuggerAddress: localhost:50661}, javascriptEnabled: true, networkConnectionEnabled: false, pageLoadStrategy: normal, platform: MAC, platformName: MAC, proxy: Proxy(), setWindowRect: true, strictFileInteractability: false, timeouts: {implicit: 0, pageLoad: 300000, script: 30000}, unhandledPromptBehavior: dismiss and notify, webauthn:extension:largeBlob: true, webauthn:virtualAuthenticators: true}
Session ID: 1d05ee0058a06231514a949d118fbe7e
*** Element info: {Using=xpath, value=//span[contains(text(),'EMPEZAR')]}
at org.openqa.selenium.remote.http.W3CHttpResponseCodec.createException(W3CHttpResponseCodec.java:187)
at org.openqa.selenium.remote.http.W3CHttpResponseCodec.decode(W3CHttpResponseCodec.java:122)
at org.openqa.selenium.remote.http.W3CHttpResponseCodec.decode(W3CHttpResponseCodec.java:49)
at org.openqa.selenium.remote.HttpCommandExecutor.execute(HttpCommandExecutor.java:158)
at org.openqa.selenium.remote.service.DriverCommandExecutor.execute(DriverCommandExecutor.java:83)
at org.openqa.selenium.remote.RemoteWebDriver.execute(RemoteWebDriver.java:552)
at org.openqa.selenium.remote.RemoteWebDriver.findElement(RemoteWebDriver.java:323)
at org.openqa.selenium.remote.RemoteWebDriver.findElementByXPath(RemoteWebDriver.java:428)
at org.openqa.selenium.By$ByXPath.findElement(By.java:353)
at org.openqa.selenium.remote.RemoteWebDriver.findElement(RemoteWebDriver.java:315)
at org.openqa.selenium.support.ui.ExpectedConditions$6.apply(ExpectedConditions.java:182)
at org.openqa.selenium.support.ui.ExpectedConditions$6.apply(ExpectedConditions.java:179)
at org.openqa.selenium.support.ui.FluentWait.until(FluentWait.java:249)
... 41 more
... Removed 40 stack frames]]>
    </failure>
  </testcase> <!-- nombrePaisCapital -->
  <testcase name="verifySignupUrl" time="0.0" classname="test.SpotifyTest.SpotifyTest">
    <skipped/>
  </testcase> <!-- verifySignupUrl -->
  <testcase name="fakeEmailTest" time="10.626" classname="test.ExamTest.Netflix">
    <failure type="org.openqa.selenium.TimeoutException" message="Expected condition failed: waiting for presence of element located by: By.xpath: //span[contains(text(),&amp;apos;EMPEZAR&amp;apos;)] (tried for 10 second(s) with 500 milliseconds interval)">
      <![CDATA[org.openqa.selenium.TimeoutException: Expected condition failed: waiting for presence of element located by: By.xpath: //span[contains(text(),'EMPEZAR')] (tried for 10 second(s) with 500 milliseconds interval)
at org.openqa.selenium.support.ui.WebDriverWait.timeoutException(WebDriverWait.java:95)
at org.openqa.selenium.support.ui.FluentWait.until(FluentWait.java:272)
at Hook.Utilities.click_element_xpath(Utilities.java:72)
at PageObject.Netflix.NetflixHome.tap_Empezar(NetflixHome.java:46)
at test.ExamTest.Netflix.fakeEmailTest(Netflix.java:49)
at java.util.ArrayList.forEach(ArrayList.java:1257)
Caused by: org.openqa.selenium.NoSuchElementException: no such element: Unable to locate element: {"method":"xpath","selector":"//span[contains(text(),'EMPEZAR')]"}
  (Session info: chrome=89.0.4389.72)
For documentation on this error, please visit: https://www.seleniumhq.org/exceptions/no_such_element.html
Build info: version: '3.141.59', revision: 'e82be7d358', time: '2018-11-14T08:17:03'
System info: host: 'MacBook-Pro-de-fernando.local', ip: 'fe80:0:0:0:14fa:8833:38ad:407b%en0', os.name: 'Mac OS X', os.arch: 'x86_64', os.version: '10.16', java.version: '1.8.0_181'
Driver info: org.openqa.selenium.chrome.ChromeDriver
Capabilities {acceptInsecureCerts: false, browserName: chrome, browserVersion: 89.0.4389.72, chrome: {chromedriverVersion: 88.0.4324.27 (6347fe8bf1e48..., userDataDir: /var/folders/3v/1sl8t8xd1ql...}, goog:chromeOptions: {debuggerAddress: localhost:50704}, javascriptEnabled: true, networkConnectionEnabled: false, pageLoadStrategy: normal, platform: MAC, platformName: MAC, proxy: Proxy(), setWindowRect: true, strictFileInteractability: false, timeouts: {implicit: 0, pageLoad: 300000, script: 30000}, unhandledPromptBehavior: dismiss and notify, webauthn:extension:largeBlob: true, webauthn:virtualAuthenticators: true}
Session ID: 0cd4de7fb76f197837cb8f5d89ee026f
*** Element info: {Using=xpath, value=//span[contains(text(),'EMPEZAR')]}
at org.openqa.selenium.remote.http.W3CHttpResponseCodec.createException(W3CHttpResponseCodec.java:187)
at org.openqa.selenium.remote.http.W3CHttpResponseCodec.decode(W3CHttpResponseCodec.java:122)
at org.openqa.selenium.remote.http.W3CHttpResponseCodec.decode(W3CHttpResponseCodec.java:49)
at org.openqa.selenium.remote.HttpCommandExecutor.execute(HttpCommandExecutor.java:158)
at org.openqa.selenium.remote.service.DriverCommandExecutor.execute(DriverCommandExecutor.java:83)
at org.openqa.selenium.remote.RemoteWebDriver.execute(RemoteWebDriver.java:552)
at org.openqa.selenium.remote.RemoteWebDriver.findElement(RemoteWebDriver.java:323)
at org.openqa.selenium.remote.RemoteWebDriver.findElementByXPath(RemoteWebDriver.java:428)
at org.openqa.selenium.By$ByXPath.findElement(By.java:353)
at org.openqa.selenium.remote.RemoteWebDriver.findElement(RemoteWebDriver.java:315)
at org.openqa.selenium.support.ui.ExpectedConditions$6.apply(ExpectedConditions.java:182)
at org.openqa.selenium.support.ui.ExpectedConditions$6.apply(ExpectedConditions.java:179)
at org.openqa.selenium.support.ui.FluentWait.until(FluentWait.java:249)
... 41 more
... Removed 40 stack frames]]>
    </failure>
  </testcase> <!-- fakeEmailTest -->
  <testcase name="fakeEmailTest" time="10.59" classname="test.ExamTest.Netflix">
    <failure type="org.openqa.selenium.TimeoutException" message="Expected condition failed: waiting for presence of element located by: By.xpath: //span[contains(text(),&amp;apos;EMPEZAR&amp;apos;)] (tried for 10 second(s) with 500 milliseconds interval)">
      <![CDATA[org.openqa.selenium.TimeoutException: Expected condition failed: waiting for presence of element located by: By.xpath: //span[contains(text(),'EMPEZAR')] (tried for 10 second(s) with 500 milliseconds interval)
at org.openqa.selenium.support.ui.WebDriverWait.timeoutException(WebDriverWait.java:95)
at org.openqa.selenium.support.ui.FluentWait.until(FluentWait.java:272)
at Hook.Utilities.click_element_xpath(Utilities.java:72)
at PageObject.Netflix.NetflixHome.tap_Empezar(NetflixHome.java:46)
at test.ExamTest.Netflix.fakeEmailTest(Netflix.java:49)
at java.util.ArrayList.forEach(ArrayList.java:1257)
Caused by: org.openqa.selenium.NoSuchElementException: no such element: Unable to locate element: {"method":"xpath","selector":"//span[contains(text(),'EMPEZAR')]"}
  (Session info: chrome=89.0.4389.72)
For documentation on this error, please visit: https://www.seleniumhq.org/exceptions/no_such_element.html
Build info: version: '3.141.59', revision: 'e82be7d358', time: '2018-11-14T08:17:03'
System info: host: 'MacBook-Pro-de-fernando.local', ip: 'fe80:0:0:0:14fa:8833:38ad:407b%en0', os.name: 'Mac OS X', os.arch: 'x86_64', os.version: '10.16', java.version: '1.8.0_181'
Driver info: org.openqa.selenium.chrome.ChromeDriver
Capabilities {acceptInsecureCerts: false, browserName: chrome, browserVersion: 89.0.4389.72, chrome: {chromedriverVersion: 88.0.4324.27 (6347fe8bf1e48..., userDataDir: /var/folders/3v/1sl8t8xd1ql...}, goog:chromeOptions: {debuggerAddress: localhost:50745}, javascriptEnabled: true, networkConnectionEnabled: false, pageLoadStrategy: normal, platform: MAC, platformName: MAC, proxy: Proxy(), setWindowRect: true, strictFileInteractability: false, timeouts: {implicit: 0, pageLoad: 300000, script: 30000}, unhandledPromptBehavior: dismiss and notify, webauthn:extension:largeBlob: true, webauthn:virtualAuthenticators: true}
Session ID: abf435f44a1dd254a266581b5e7bdac6
*** Element info: {Using=xpath, value=//span[contains(text(),'EMPEZAR')]}
at org.openqa.selenium.remote.http.W3CHttpResponseCodec.createException(W3CHttpResponseCodec.java:187)
at org.openqa.selenium.remote.http.W3CHttpResponseCodec.decode(W3CHttpResponseCodec.java:122)
at org.openqa.selenium.remote.http.W3CHttpResponseCodec.decode(W3CHttpResponseCodec.java:49)
at org.openqa.selenium.remote.HttpCommandExecutor.execute(HttpCommandExecutor.java:158)
at org.openqa.selenium.remote.service.DriverCommandExecutor.execute(DriverCommandExecutor.java:83)
at org.openqa.selenium.remote.RemoteWebDriver.execute(RemoteWebDriver.java:552)
at org.openqa.selenium.remote.RemoteWebDriver.findElement(RemoteWebDriver.java:323)
at org.openqa.selenium.remote.RemoteWebDriver.findElementByXPath(RemoteWebDriver.java:428)
at org.openqa.selenium.By$ByXPath.findElement(By.java:353)
at org.openqa.selenium.remote.RemoteWebDriver.findElement(RemoteWebDriver.java:315)
at org.openqa.selenium.support.ui.ExpectedConditions$6.apply(ExpectedConditions.java:182)
at org.openqa.selenium.support.ui.ExpectedConditions$6.apply(ExpectedConditions.java:179)
at org.openqa.selenium.support.ui.FluentWait.until(FluentWait.java:249)
... 41 more
... Removed 40 stack frames]]>
    </failure>
  </testcase> <!-- fakeEmailTest -->
  <testcase name="loginToNetflixErrorTest" time="4.508" classname="test.ExamTest.Netflix"/>
  <testcase name="loginToNetflixErrorTest" time="14.138" classname="test.ExamTest.Netflix">
    <failure type="org.openqa.selenium.TimeoutException" message="Expected condition failed: waiting for element found by By.xpath: //*[contains(text(),&amp;apos;Escribe un correo v치lido.&amp;apos;)] to have text &amp;quot;Escribe un correo v치lido.&amp;quot;. Current text: &amp;quot;null&amp;quot; (tried for 10 second(s) with 500 milliseconds interval)
Build info: version: &amp;apos;3.141.59&amp;apos;, revision: &amp;apos;e82be7d358&amp;apos;, time: &amp;apos;2018-11-14T08:17:03&amp;apos;
System info: host: &amp;apos;MacBook-Pro-de-fernando.local&amp;apos;, ip: &amp;apos;fe80:0:0:0:14fa:8833:38ad:407b%en0&amp;apos;, os.name: &amp;apos;Mac OS X&amp;apos;, os.arch: &amp;apos;x86_64&amp;apos;, os.version: &amp;apos;10.16&amp;apos;, java.version: &amp;apos;1.8.0_181&amp;apos;
Driver info: org.openqa.selenium.chrome.ChromeDriver
Capabilities {acceptInsecureCerts: false, browserName: chrome, browserVersion: 89.0.4389.72, chrome: {chromedriverVersion: 88.0.4324.27 (6347fe8bf1e48..., userDataDir: /var/folders/3v/1sl8t8xd1ql...}, goog:chromeOptions: {debuggerAddress: localhost:50824}, javascriptEnabled: true, networkConnectionEnabled: false, pageLoadStrategy: normal, platform: MAC, platformName: MAC, proxy: Proxy(), setWindowRect: true, strictFileInteractability: false, timeouts: {implicit: 0, pageLoad: 300000, script: 30000}, unhandledPromptBehavior: dismiss and notify, webauthn:extension:largeBlob: true, webauthn:virtualAuthenticators: true}
Session ID: 72a68f134508388d95700c30e3ed74ee">
      <![CDATA[org.openqa.selenium.TimeoutException: Expected condition failed: waiting for element found by By.xpath: //*[contains(text(),'Escribe un correo v치lido.')] to have text "Escribe un correo v치lido.". Current text: "null" (tried for 10 second(s) with 500 milliseconds interval)
Build info: version: '3.141.59', revision: 'e82be7d358', time: '2018-11-14T08:17:03'
System info: host: 'MacBook-Pro-de-fernando.local', ip: 'fe80:0:0:0:14fa:8833:38ad:407b%en0', os.name: 'Mac OS X', os.arch: 'x86_64', os.version: '10.16', java.version: '1.8.0_181'
Driver info: org.openqa.selenium.chrome.ChromeDriver
Capabilities {acceptInsecureCerts: false, browserName: chrome, browserVersion: 89.0.4389.72, chrome: {chromedriverVersion: 88.0.4324.27 (6347fe8bf1e48..., userDataDir: /var/folders/3v/1sl8t8xd1ql...}, goog:chromeOptions: {debuggerAddress: localhost:50824}, javascriptEnabled: true, networkConnectionEnabled: false, pageLoadStrategy: normal, platform: MAC, platformName: MAC, proxy: Proxy(), setWindowRect: true, strictFileInteractability: false, timeouts: {implicit: 0, pageLoad: 300000, script: 30000}, unhandledPromptBehavior: dismiss and notify, webauthn:extension:largeBlob: true, webauthn:virtualAuthenticators: true}
Session ID: 72a68f134508388d95700c30e3ed74ee
at org.openqa.selenium.support.ui.WebDriverWait.timeoutException(WebDriverWait.java:95)
at org.openqa.selenium.support.ui.FluentWait.until(FluentWait.java:272)
at Hook.Utilities.get_text_xpath_email_error(Utilities.java:109)
at PageObject.Netflix.singinPage.validateMsgError(singinPage.java:45)
at test.ExamTest.Netflix.loginToNetflixErrorTest(Netflix.java:38)
at java.util.ArrayList.forEach(ArrayList.java:1257)
... Removed 37 stack frames]]>
    </failure>
  </testcase> <!-- loginToNetflixErrorTest -->
  <testcase name="validateExistingEmail" time="0.0" classname="test.SpotifyTest.SpotifyTest">
    <skipped/>
  </testcase> <!-- validateExistingEmail -->
  <testcase name="iniciarSesionPageTest" time="4.155" classname="test.ExamTest.Netflix"/>
  <testcase name="iniciarSesionPageTest" time="2.561" classname="test.ExamTest.Netflix">
    <failure type="org.openqa.selenium.WebDriverException" message="disconnected: Unable to receive message from renderer
  (Session info: chrome=89.0.4389.72)
Build info: version: &amp;apos;3.141.59&amp;apos;, revision: &amp;apos;e82be7d358&amp;apos;, time: &amp;apos;2018-11-14T08:17:03&amp;apos;
System info: host: &amp;apos;MacBook-Pro-de-fernando.local&amp;apos;, ip: &amp;apos;fe80:0:0:0:14fa:8833:38ad:407b%en0&amp;apos;, os.name: &amp;apos;Mac OS X&amp;apos;, os.arch: &amp;apos;x86_64&amp;apos;, os.version: &amp;apos;10.16&amp;apos;, java.version: &amp;apos;1.8.0_181&amp;apos;
Driver info: org.openqa.selenium.chrome.ChromeDriver
Capabilities {acceptInsecureCerts: false, browserName: chrome, browserVersion: 89.0.4389.72, chrome: {chromedriverVersion: 88.0.4324.27 (6347fe8bf1e48..., userDataDir: /var/folders/3v/1sl8t8xd1ql...}, goog:chromeOptions: {debuggerAddress: localhost:50912}, javascriptEnabled: true, networkConnectionEnabled: false, pageLoadStrategy: normal, platform: MAC, platformName: MAC, proxy: Proxy(), setWindowRect: true, strictFileInteractability: false, timeouts: {implicit: 0, pageLoad: 300000, script: 30000}, unhandledPromptBehavior: dismiss and notify, webauthn:extension:largeBlob: true, webauthn:virtualAuthenticators: true}
Session ID: b0aafb24bcbfb243ed5e9fa324e227ec">
      <![CDATA[org.openqa.selenium.WebDriverException: disconnected: Unable to receive message from renderer
  (Session info: chrome=89.0.4389.72)
Build info: version: '3.141.59', revision: 'e82be7d358', time: '2018-11-14T08:17:03'
System info: host: 'MacBook-Pro-de-fernando.local', ip: 'fe80:0:0:0:14fa:8833:38ad:407b%en0', os.name: 'Mac OS X', os.arch: 'x86_64', os.version: '10.16', java.version: '1.8.0_181'
Driver info: org.openqa.selenium.chrome.ChromeDriver
Capabilities {acceptInsecureCerts: false, browserName: chrome, browserVersion: 89.0.4389.72, chrome: {chromedriverVersion: 88.0.4324.27 (6347fe8bf1e48..., userDataDir: /var/folders/3v/1sl8t8xd1ql...}, goog:chromeOptions: {debuggerAddress: localhost:50912}, javascriptEnabled: true, networkConnectionEnabled: false, pageLoadStrategy: normal, platform: MAC, platformName: MAC, proxy: Proxy(), setWindowRect: true, strictFileInteractability: false, timeouts: {implicit: 0, pageLoad: 300000, script: 30000}, unhandledPromptBehavior: dismiss and notify, webauthn:extension:largeBlob: true, webauthn:virtualAuthenticators: true}
Session ID: b0aafb24bcbfb243ed5e9fa324e227ec
at org.openqa.selenium.remote.http.W3CHttpResponseCodec.createException(W3CHttpResponseCodec.java:187)
at org.openqa.selenium.remote.http.W3CHttpResponseCodec.decode(W3CHttpResponseCodec.java:122)
at org.openqa.selenium.remote.http.W3CHttpResponseCodec.decode(W3CHttpResponseCodec.java:49)
at org.openqa.selenium.remote.HttpCommandExecutor.execute(HttpCommandExecutor.java:158)
at org.openqa.selenium.remote.service.DriverCommandExecutor.execute(DriverCommandExecutor.java:83)
at org.openqa.selenium.remote.RemoteWebDriver.execute(RemoteWebDriver.java:552)
at org.openqa.selenium.remote.RemoteWebElement.execute(RemoteWebElement.java:285)
at org.openqa.selenium.remote.RemoteWebElement.click(RemoteWebElement.java:84)
at Hook.Utilities.click_element_xpath(Utilities.java:74)
at PageObject.Netflix.NetflixHome.init_Session(NetflixHome.java:36)
at test.ExamTest.Netflix.iniciarSesionPageTest(Netflix.java:24)
at java.util.ArrayList.forEach(ArrayList.java:1257)
... Removed 41 stack frames]]>
    </failure>
  </testcase> <!-- iniciarSesionPageTest -->
  <testcase name="checkEqualErrorMessages" time="0.0" classname="test.SpotifyTest.SpotifyTest">
    <skipped/>
  </testcase> <!-- checkEqualErrorMessages -->
  <testcase name="get_title_page" time="0.115" classname="test.ExamTest.Netflix"/>
  <testcase name="get_title_page" time="0.106" classname="test.ExamTest.Netflix"/>
  <testcase name="spotifytags" time="0.0" classname="test.SpotifyTest.SpotifyTest">
    <skipped/>
  </testcase> <!-- spotifytags -->
  <testcase name="spotifyByNameFakeTest" time="0.0" classname="test.SpotifyTest.SpotifyTest">
    <skipped/>
  </testcase> <!-- spotifyByNameFakeTest -->
  <testcase name="spotifyByNameTest" time="0.0" classname="test.SpotifyTest.SpotifyTest">
    <skipped/>
  </testcase> <!-- spotifyByNameTest -->
  <testcase name="spotifyByPlaceHolder" time="0.0" classname="test.SpotifyTest.SpotifyTest">
    <skipped/>
  </testcase> <!-- spotifyByPlaceHolder -->
  <testcase name="spotifyByPlaceHolderFakeTest" time="0.0" classname="test.SpotifyTest.SpotifyTest">
    <skipped/>
  </testcase> <!-- spotifyByPlaceHolderFakeTest -->
  <testcase name="spotifyByName" time="0.0" classname="test.SpotifyTest.SpotifyTest">
    <skipped/>
  </testcase> <!-- spotifyByName -->
  <testcase name="spotifyTest" time="0.0" classname="test.SpotifyTest.SpotifyTest">
    <skipped/>
  </testcase> <!-- spotifyTest -->
  <testcase name="mostrarSpotifyLinks" time="0.0" classname="test.SpotifyTest.SpotifyTest">
    <skipped/>
  </testcase> <!-- mostrarSpotifyLinks -->
  <testcase name="firstTest" time="0.0" classname="test.SalesForceTest.Testng"/>
  <testcase name="secondTest" time="0.001" classname="test.SalesForceTest.Testng"/>
  <testcase name="setup" time="2.795" classname="Hook.BeforeAfterDriver.DriverSalesForce"/>
  <testcase name="validateSalesforceLogoTest" time="0.037" classname="test.SalesForceTest.SalesForceTest"/>
  <testcase name="remenberMelsSelected" time="0.547" classname="test.SalesForceTest.SalesForceTest"/>
  <testcase name="FooterIsValid" time="0.124" classname="test.SalesForceTest.SalesForceTest"/>
  <testcase name="customSalesforceLinkA" time="5.926" classname="test.SalesForceTest.SalesForceTest"/>
  <testcase name="customSalesforceLinkB" time="0.278" classname="test.SalesForceTest.SalesForceTest"/>
  <testcase name="customSalesforceLinkFake" time="4.423" classname="test.SalesForceTest.SalesForceTest"/>
  <testcase name="LoginFailureTest" time="1.448" classname="test.SalesForceTest.SalesForceTest"/>
  <testcase name="LoginFailurefakeTest" time="14.881" classname="test.SalesForceTest.SalesForceTest">
    <failure type="org.openqa.selenium.TimeoutException" message="Expected condition failed: waiting for presence of element located by: By.xpath: //div[@id=&amp;apos;error&amp;apos;] (tried for 10 second(s) with 500 milliseconds interval)">
      <![CDATA[org.openqa.selenium.TimeoutException: Expected condition failed: waiting for presence of element located by: By.xpath: //div[@id='error'] (tried for 10 second(s) with 500 milliseconds interval)
at org.openqa.selenium.support.ui.WebDriverWait.timeoutException(WebDriverWait.java:95)
at org.openqa.selenium.support.ui.FluentWait.until(FluentWait.java:272)
at Hook.Utilities.find_xpath_search_text(Utilities.java:129)
at PageObject.SalesForce.salesForceLoginPage.search_text(salesForceLoginPage.java:57)
at test.SalesForceTest.SalesForceTest.LoginFailurefakeTest(SalesForceTest.java:53)
at java.util.ArrayList.forEach(ArrayList.java:1257)
Caused by: org.openqa.selenium.NoSuchElementException: no such element: Unable to locate element: {"method":"xpath","selector":"//div[@id='error']"}
  (Session info: chrome=89.0.4389.72)
For documentation on this error, please visit: https://www.seleniumhq.org/exceptions/no_such_element.html
Build info: version: '3.141.59', revision: 'e82be7d358', time: '2018-11-14T08:17:03'
System info: host: 'MacBook-Pro-de-fernando.local', ip: 'fe80:0:0:0:14fa:8833:38ad:407b%en0', os.name: 'Mac OS X', os.arch: 'x86_64', os.version: '10.16', java.version: '1.8.0_181'
Driver info: org.openqa.selenium.chrome.ChromeDriver
Capabilities {acceptInsecureCerts: false, browserName: chrome, browserVersion: 89.0.4389.72, chrome: {chromedriverVersion: 88.0.4324.27 (6347fe8bf1e48..., userDataDir: /var/folders/3v/1sl8t8xd1ql...}, goog:chromeOptions: {debuggerAddress: localhost:51312}, javascriptEnabled: true, networkConnectionEnabled: false, pageLoadStrategy: normal, platform: MAC, platformName: MAC, proxy: Proxy(), setWindowRect: true, strictFileInteractability: false, timeouts: {implicit: 0, pageLoad: 300000, script: 30000}, unhandledPromptBehavior: dismiss and notify, webauthn:extension:largeBlob: true, webauthn:virtualAuthenticators: true}
Session ID: 4e1aea5b70e9f82faf3dc6e2e4bb624f
*** Element info: {Using=xpath, value=//div[@id='error']}
at org.openqa.selenium.remote.http.W3CHttpResponseCodec.createException(W3CHttpResponseCodec.java:187)
at org.openqa.selenium.remote.http.W3CHttpResponseCodec.decode(W3CHttpResponseCodec.java:122)
at org.openqa.selenium.remote.http.W3CHttpResponseCodec.decode(W3CHttpResponseCodec.java:49)
at org.openqa.selenium.remote.HttpCommandExecutor.execute(HttpCommandExecutor.java:158)
at org.openqa.selenium.remote.service.DriverCommandExecutor.execute(DriverCommandExecutor.java:83)
at org.openqa.selenium.remote.RemoteWebDriver.execute(RemoteWebDriver.java:552)
at org.openqa.selenium.remote.RemoteWebDriver.findElement(RemoteWebDriver.java:323)
at org.openqa.selenium.remote.RemoteWebDriver.findElementByXPath(RemoteWebDriver.java:428)
at org.openqa.selenium.By$ByXPath.findElement(By.java:353)
at org.openqa.selenium.remote.RemoteWebDriver.findElement(RemoteWebDriver.java:315)
at org.openqa.selenium.support.ui.ExpectedConditions$6.apply(ExpectedConditions.java:182)
at org.openqa.selenium.support.ui.ExpectedConditions$6.apply(ExpectedConditions.java:179)
at org.openqa.selenium.support.ui.FluentWait.until(FluentWait.java:249)
... 41 more
... Removed 40 stack frames]]>
    </failure>
  </testcase> <!-- LoginFailurefakeTest -->
  <testcase name="forgotAccountTest" time="1.535" classname="test.FacebookTest.FacebookLoginTest"/>
  <testcase name="setup" time="3.627" classname="Hook.BeforeAfterDriver.DriverFacebook"/>
  <testcase name="forgotAccountPartialLinkTest" time="1.627" classname="test.FacebookTest.FacebookLoginTest"/>
  <testcase name="registrationToFacebookTest" time="0.845" classname="test.FacebookTest.FacebookLoginTest"/>
  <testcase name="forgotAccountTest" time="1.087" classname="test.FacebookTest.FacebookRegisterTest"/>
  <testcase name="setup" time="3.532" classname="Hook.BeforeAfterDriver.DriverFacebook"/>
  <testcase name="forgotAccountPartialLinkTest" time="1.041" classname="test.FacebookTest.FacebookRegisterTest"/>
  <testcase name="checkBoxAndComboboxFakeTest" time="1.231" classname="test.FacebookTest.FacebookRegisterTest"/>
  <testcase name="checkBoxAndComboboxTest" time="1.137" classname="test.FacebookTest.FacebookRegisterTest"/>
  <testcase name="birthdateTest" time="1.384" classname="test.FacebookTest.FacebookRegisterTest"/>
  <testcase name="comboboxTest" time="0.848" classname="test.FacebookTest.FacebookRegisterTest"/>
  <testcase name="completeRegistration" time="1.178" classname="test.FacebookTest.FacebookRegisterTest"/>
  <testcase name="completeRegistrationFake" time="1.708" classname="test.FacebookTest.FacebookRegisterTest"/>
  <testcase name="registrationFacebookFakeTest" time="1.289" classname="test.FacebookTest.FacebookRegisterTest"/>
  <testcase name="registrationFacebookTest" time="1.178" classname="test.FacebookTest.FacebookRegisterTest"/>
  <testcase name="invalidEmailTest" time="0.0" classname="test.SpotifyTest.SpotifyTest">
    <ignored/>
  </testcase> <!-- invalidEmailTest -->
  <testcase name="checkEqualEmailsErrorFake" time="0.0" classname="test.SpotifyTest.SpotifyTest">
    <ignored/>
  </testcase> <!-- checkEqualEmailsErrorFake -->
  <testcase name="checkEqualEmailsError" time="0.0" classname="test.SpotifyTest.SpotifyTest">
    <ignored/>
  </testcase> <!-- checkEqualEmailsError -->
</testsuite> <!-- Command line test -->
