<?xml version="1.0" encoding="UTF-8"?>
<!-- Generated by org.testng.reporters.JUnitXMLReporter -->
<testsuite ignored="0" hostname="MacBook-Pro-de-fernando.local" failures="1" tests="8" name="Command line test" time="45.186" errors="0" timestamp="2020-12-14T15:58:39 CET">
  <testcase classname="clase2.EjerciciosLocalizadoresTest" name="customSalesforceLink" time="11.781"/>
  <testcase classname="clase2.EjerciciosLocalizadoresTest" name="forgotAccountPartialLinkTest" time="3.685"/>
  <testcase classname="clase2.EjerciciosLocalizadoresTest" name="forgotAccountTest" time="5.637"/>
  <testcase classname="clase2.EjerciciosLocalizadoresTest" name="registrationToFacebookTest" time="3.608">
    <failure type="org.openqa.selenium.ElementClickInterceptedException" message="element click intercepted: Element &amp;lt;a role=&amp;quot;button&amp;quot; class=&amp;quot;_42ft _4jy0 _6lti _4jy6 _4jy2 selected _51sy&amp;quot; href=&amp;quot;#&amp;quot; ajaxify=&amp;quot;/reg/spotlight/&amp;quot; id=&amp;quot;u_0_2&amp;quot; data-testid=&amp;quot;open-registration-form-button&amp;quot; rel=&amp;quot;async&amp;quot;&amp;gt;...&amp;lt;/a&amp;gt; is not clickable at point (880, 429). Other element would receive the click: &amp;lt;div class=&amp;quot;_3ixn&amp;quot;&amp;gt;&amp;lt;/div&amp;gt;
  (Session info: chrome=87.0.4280.88)
Build info: version: &amp;apos;3.141.59&amp;apos;, revision: &amp;apos;e82be7d358&amp;apos;, time: &amp;apos;2018-11-14T08:17:03&amp;apos;
System info: host: &amp;apos;MacBook-Pro-de-fernando.local&amp;apos;, ip: &amp;apos;fe80:0:0:0:cd8:5fa7:d2f0:a639%en0&amp;apos;, os.name: &amp;apos;Mac OS X&amp;apos;, os.arch: &amp;apos;x86_64&amp;apos;, os.version: &amp;apos;10.15.7&amp;apos;, java.version: &amp;apos;14.0.1&amp;apos;
Driver info: org.openqa.selenium.chrome.ChromeDriver
Capabilities {acceptInsecureCerts: false, browserName: chrome, browserVersion: 87.0.4280.88, chrome: {chromedriverVersion: 86.0.4240.22 (398b0743353ff..., userDataDir: /var/folders/3v/1sl8t8xd1ql...}, goog:chromeOptions: {debuggerAddress: localhost:57354}, javascriptEnabled: true, networkConnectionEnabled: false, pageLoadStrategy: normal, platform: MAC, platformName: MAC, proxy: Proxy(), setWindowRect: true, strictFileInteractability: false, timeouts: {implicit: 0, pageLoad: 300000, script: 30000}, unhandledPromptBehavior: dismiss and notify, webauthn:virtualAuthenticators: true}
Session ID: f659effaa06acc45e4e449d09b498b37">
      <![CDATA[org.openqa.selenium.ElementClickInterceptedException: element click intercepted: Element <a role="button" class="_42ft _4jy0 _6lti _4jy6 _4jy2 selected _51sy" href="#" ajaxify="/reg/spotlight/" id="u_0_2" data-testid="open-registration-form-button" rel="async">...</a> is not clickable at point (880, 429). Other element would receive the click: <div class="_3ixn"></div>
  (Session info: chrome=87.0.4280.88)
Build info: version: '3.141.59', revision: 'e82be7d358', time: '2018-11-14T08:17:03'
System info: host: 'MacBook-Pro-de-fernando.local', ip: 'fe80:0:0:0:cd8:5fa7:d2f0:a639%en0', os.name: 'Mac OS X', os.arch: 'x86_64', os.version: '10.15.7', java.version: '14.0.1'
Driver info: org.openqa.selenium.chrome.ChromeDriver
Capabilities {acceptInsecureCerts: false, browserName: chrome, browserVersion: 87.0.4280.88, chrome: {chromedriverVersion: 86.0.4240.22 (398b0743353ff..., userDataDir: /var/folders/3v/1sl8t8xd1ql...}, goog:chromeOptions: {debuggerAddress: localhost:57354}, javascriptEnabled: true, networkConnectionEnabled: false, pageLoadStrategy: normal, platform: MAC, platformName: MAC, proxy: Proxy(), setWindowRect: true, strictFileInteractability: false, timeouts: {implicit: 0, pageLoad: 300000, script: 30000}, unhandledPromptBehavior: dismiss and notify, webauthn:virtualAuthenticators: true}
Session ID: f659effaa06acc45e4e449d09b498b37
at org.openqa.selenium.remote.http.W3CHttpResponseCodec.createException(W3CHttpResponseCodec.java:187)
at org.openqa.selenium.remote.http.W3CHttpResponseCodec.decode(W3CHttpResponseCodec.java:122)
at org.openqa.selenium.remote.http.W3CHttpResponseCodec.decode(W3CHttpResponseCodec.java:49)
at org.openqa.selenium.remote.HttpCommandExecutor.execute(HttpCommandExecutor.java:158)
at org.openqa.selenium.remote.service.DriverCommandExecutor.execute(DriverCommandExecutor.java:83)
at org.openqa.selenium.remote.RemoteWebDriver.execute(RemoteWebDriver.java:552)
at org.openqa.selenium.remote.RemoteWebElement.execute(RemoteWebElement.java:285)
at org.openqa.selenium.remote.RemoteWebElement.click(RemoteWebElement.java:84)
at clase2.EjerciciosLocalizadoresTest.registrationToFacebookTest(EjerciciosLocalizadoresTest.java:77)
at java.base/java.util.ArrayList.forEach(ArrayList.java:1510)
... Removed 42 stack frames]]>
    </failure>
  </testcase> <!-- registrationToFacebookTest -->
  <testcase classname="clase1.PrimerTest" name="getTitleTest" time="9.96"/>
  <testcase classname="clase1.PrimerTest" name="mostrarSpotifyLinks" time="3.524"/>
  <testcase classname="clase1.PrimerTest" name="spotifyTest" time="4.254"/>
  <testcase classname="clase1.PrimerTest" name="testing" time="2.703"/>
</testsuite> <!-- Command line test -->
