<?xml version="1.0" encoding="UTF-8"?>
<!-- Generated by org.testng.reporters.JUnitXMLReporter -->
<testsuite ignored="0" hostname="MacBook-Pro-de-fernando.local" failures="0" tests="8" name="Command line test" time="71.311" errors="0" timestamp="2020-12-17T17:45:51 CET">
  <testcase classname="clase2.EjerciciosLocalizadoresTest" name="customSalesforceLink" time="21.187"/>
  <testcase classname="clase2.EjerciciosLocalizadoresTest" name="forgotAccountPartialLinkTest" time="12.729"/>
  <testcase classname="clase2.EjerciciosLocalizadoresTest" name="forgotAccountTest" time="12.527"/>
  <testcase classname="clase2.EjerciciosLocalizadoresTest" name="registrationToFacebookTest" time="9.006"/>
  <testcase classname="clase1.PrimerTest" name="getTitleTest" time="6.116"/>
  <testcase classname="clase1.PrimerTest" name="mostrarSpotifyLinks" time="3.323"/>
  <testcase classname="clase1.PrimerTest" name="spotifyTest" time="3.377"/>
  <testcase classname="clase1.PrimerTest" name="testing" time="3.002"/>
</testsuite> <!-- Command line test -->
