<?xml version="1.0" encoding="UTF-8"?>
<testng-results skipped="12" failed="11" ignored="3" total="74" passed="48">
  <reporter-output>
  </reporter-output>
  <suite name="Command line suite" duration-ms="403672" started-at="2021-03-06T11:29:25 CET" finished-at="2021-03-06T11:36:09 CET">
    <groups>
      <group name="failTests">
        <method signature="DriverFacebook.setup()[pri:0, instance:test.FacebookTest.FacebookLoginTest@629adce, instance params:[]]" name="setup" class="Hook.BeforeAfterDriver.DriverFacebook"/>
        <method signature="DriverFacebook.setup()[pri:0, instance:test.FacebookTest.FacebookRegisterTest@6a282fdd, instance params:[]]" name="setup" class="Hook.BeforeAfterDriver.DriverFacebook"/>
        <method signature="DriverNetflix.setup()[pri:0, instance:test.ExamTest.Netflix@70331432, instance params:[]]" name="setup" class="Hook.BeforeAfterDriver.DriverNetflix"/>
        <method signature="DriverNetflix.setup()[pri:0, instance:test.ExamTest.Netflix@743c6ce4, instance params:[]]" name="setup" class="Hook.BeforeAfterDriver.DriverNetflix"/>
        <method signature="DriverSalesForce.setup()[pri:0, instance:test.SalesForceTest.SalesForceTest@30669dac, instance params:[]]" name="setup" class="Hook.BeforeAfterDriver.DriverSalesForce"/>
        <method signature="DriverSpotify.setup()[pri:0, instance:test.SpotifyTest.SpotifyTest@422b8438, instance params:[]]" name="setup" class="Hook.BeforeAfterDriver.DriverSpotify"/>
        <method signature="SpotifyTest.validateExistingEmail()[pri:3, instance:test.SpotifyTest.SpotifyTest@422b8438, instance params:[]]" name="validateExistingEmail" class="test.SpotifyTest.SpotifyTest"/>
      </group> <!-- failTests -->
      <group name="sucessTests">
        <method signature="DocusignTest.completeDocusignRegistrationForm()[pri:0, instance:test.DocussignTest.DocusignTest@30c0d731, instance params:[]]" name="completeDocusignRegistrationForm" class="test.DocussignTest.DocusignTest"/>
        <method signature="DocusignTest.completeDocusignRegistrationFormFake()[pri:0, instance:test.DocussignTest.DocusignTest@30c0d731, instance params:[]]" name="completeDocusignRegistrationFormFake" class="test.DocussignTest.DocusignTest"/>
        <method signature="DocusignTest.defaultxPath()[pri:1, instance:test.DocussignTest.DocusignTest@30c0d731, instance params:[]]" name="defaultxPath" class="test.DocussignTest.DocusignTest"/>
        <method signature="DriverFacebook.setup()[pri:0, instance:test.FacebookTest.FacebookLoginTest@629adce, instance params:[]]" name="setup" class="Hook.BeforeAfterDriver.DriverFacebook"/>
        <method signature="DriverFacebook.setup()[pri:0, instance:test.FacebookTest.FacebookRegisterTest@6a282fdd, instance params:[]]" name="setup" class="Hook.BeforeAfterDriver.DriverFacebook"/>
        <method signature="DriverNetflix.setup()[pri:0, instance:test.ExamTest.Netflix@70331432, instance params:[]]" name="setup" class="Hook.BeforeAfterDriver.DriverNetflix"/>
        <method signature="DriverNetflix.setup()[pri:0, instance:test.ExamTest.Netflix@743c6ce4, instance params:[]]" name="setup" class="Hook.BeforeAfterDriver.DriverNetflix"/>
        <method signature="DriverSalesForce.setup()[pri:0, instance:test.SalesForceTest.SalesForceTest@30669dac, instance params:[]]" name="setup" class="Hook.BeforeAfterDriver.DriverSalesForce"/>
        <method signature="DriverSpotify.setup()[pri:0, instance:test.SpotifyTest.SpotifyTest@422b8438, instance params:[]]" name="setup" class="Hook.BeforeAfterDriver.DriverSpotify"/>
        <method signature="FacebookLoginTest.forgotAccountPartialLinkTest()[pri:1, instance:test.FacebookTest.FacebookLoginTest@629adce, instance params:[]]" name="forgotAccountPartialLinkTest" class="test.FacebookTest.FacebookLoginTest"/>
        <method signature="FacebookLoginTest.forgotAccountTest()[pri:0, instance:test.FacebookTest.FacebookLoginTest@629adce, instance params:[]]" name="forgotAccountTest" class="test.FacebookTest.FacebookLoginTest"/>
        <method signature="FacebookLoginTest.registrationToFacebookTest()[pri:3, instance:test.FacebookTest.FacebookLoginTest@629adce, instance params:[]]" name="registrationToFacebookTest" class="test.FacebookTest.FacebookLoginTest"/>
        <method signature="FacebookRegisterTest.birthdateTest()[pri:4, instance:test.FacebookTest.FacebookRegisterTest@6a282fdd, instance params:[]]" name="birthdateTest" class="test.FacebookTest.FacebookRegisterTest"/>
        <method signature="FacebookRegisterTest.checkBoxAndComboboxFakeTest()[pri:3, instance:test.FacebookTest.FacebookRegisterTest@6a282fdd, instance params:[]]" name="checkBoxAndComboboxFakeTest" class="test.FacebookTest.FacebookRegisterTest"/>
        <method signature="FacebookRegisterTest.checkBoxAndComboboxTest()[pri:3, instance:test.FacebookTest.FacebookRegisterTest@6a282fdd, instance params:[]]" name="checkBoxAndComboboxTest" class="test.FacebookTest.FacebookRegisterTest"/>
        <method signature="FacebookRegisterTest.comboboxTest()[pri:5, instance:test.FacebookTest.FacebookRegisterTest@6a282fdd, instance params:[]]" name="comboboxTest" class="test.FacebookTest.FacebookRegisterTest"/>
        <method signature="FacebookRegisterTest.completeRegistration()[pri:6, instance:test.FacebookTest.FacebookRegisterTest@6a282fdd, instance params:[]]" name="completeRegistration" class="test.FacebookTest.FacebookRegisterTest"/>
        <method signature="FacebookRegisterTest.completeRegistrationFake()[pri:6, instance:test.FacebookTest.FacebookRegisterTest@6a282fdd, instance params:[]]" name="completeRegistrationFake" class="test.FacebookTest.FacebookRegisterTest"/>
        <method signature="FacebookRegisterTest.forgotAccountPartialLinkTest()[pri:1, instance:test.FacebookTest.FacebookRegisterTest@6a282fdd, instance params:[]]" name="forgotAccountPartialLinkTest" class="test.FacebookTest.FacebookRegisterTest"/>
        <method signature="FacebookRegisterTest.forgotAccountTest()[pri:0, instance:test.FacebookTest.FacebookRegisterTest@6a282fdd, instance params:[]]" name="forgotAccountTest" class="test.FacebookTest.FacebookRegisterTest"/>
        <method signature="FacebookRegisterTest.registrationFacebookFakeTest()[pri:7, instance:test.FacebookTest.FacebookRegisterTest@6a282fdd, instance params:[]]" name="registrationFacebookFakeTest" class="test.FacebookTest.FacebookRegisterTest"/>
        <method signature="FacebookRegisterTest.registrationFacebookTest()[pri:7, instance:test.FacebookTest.FacebookRegisterTest@6a282fdd, instance params:[]]" name="registrationFacebookTest" class="test.FacebookTest.FacebookRegisterTest"/>
        <method signature="Netflix.fakeEmailTest()[pri:2, instance:test.ExamTest.Netflix@70331432, instance params:[]]" name="fakeEmailTest" class="test.ExamTest.Netflix"/>
        <method signature="Netflix.fakeEmailTest()[pri:2, instance:test.ExamTest.Netflix@743c6ce4, instance params:[]]" name="fakeEmailTest" class="test.ExamTest.Netflix"/>
        <method signature="Netflix.get_title_page()[pri:5, instance:test.ExamTest.Netflix@70331432, instance params:[]]" name="get_title_page" class="test.ExamTest.Netflix"/>
        <method signature="Netflix.get_title_page()[pri:5, instance:test.ExamTest.Netflix@743c6ce4, instance params:[]]" name="get_title_page" class="test.ExamTest.Netflix"/>
        <method signature="Netflix.iniciarSesionPageTest()[pri:4, instance:test.ExamTest.Netflix@70331432, instance params:[]]" name="iniciarSesionPageTest" class="test.ExamTest.Netflix"/>
        <method signature="Netflix.iniciarSesionPageTest()[pri:4, instance:test.ExamTest.Netflix@743c6ce4, instance params:[]]" name="iniciarSesionPageTest" class="test.ExamTest.Netflix"/>
        <method signature="Netflix.loginToNetflixErrorTest()[pri:3, instance:test.ExamTest.Netflix@70331432, instance params:[]]" name="loginToNetflixErrorTest" class="test.ExamTest.Netflix"/>
        <method signature="Netflix.loginToNetflixErrorTest()[pri:3, instance:test.ExamTest.Netflix@743c6ce4, instance params:[]]" name="loginToNetflixErrorTest" class="test.ExamTest.Netflix"/>
        <method signature="Netflix.nombrePaisCapital(java.lang.String)[pri:1, instance:test.ExamTest.Netflix@70331432, instance params:[]]" name="nombrePaisCapital" class="test.ExamTest.Netflix"/>
        <method signature="Netflix.nombrePaisCapital(java.lang.String)[pri:1, instance:test.ExamTest.Netflix@743c6ce4, instance params:[]]" name="nombrePaisCapital" class="test.ExamTest.Netflix"/>
        <method signature="SalesForceTest.FooterIsValid()[pri:2, instance:test.SalesForceTest.SalesForceTest@30669dac, instance params:[]]" name="FooterIsValid" class="test.SalesForceTest.SalesForceTest"/>
        <method signature="SalesForceTest.LoginFailureTest()[pri:3, instance:test.SalesForceTest.SalesForceTest@30669dac, instance params:[]]" name="LoginFailureTest" class="test.SalesForceTest.SalesForceTest"/>
        <method signature="SalesForceTest.LoginFailurefakeTest()[pri:3, instance:test.SalesForceTest.SalesForceTest@30669dac, instance params:[]]" name="LoginFailurefakeTest" class="test.SalesForceTest.SalesForceTest"/>
        <method signature="SalesForceTest.customSalesforceLinkA()[pri:2, instance:test.SalesForceTest.SalesForceTest@30669dac, instance params:[]]" name="customSalesforceLinkA" class="test.SalesForceTest.SalesForceTest"/>
        <method signature="SalesForceTest.customSalesforceLinkB()[pri:2, instance:test.SalesForceTest.SalesForceTest@30669dac, instance params:[]]" name="customSalesforceLinkB" class="test.SalesForceTest.SalesForceTest"/>
        <method signature="SalesForceTest.customSalesforceLinkFake()[pri:2, instance:test.SalesForceTest.SalesForceTest@30669dac, instance params:[]]" name="customSalesforceLinkFake" class="test.SalesForceTest.SalesForceTest"/>
        <method signature="SalesForceTest.remenberMelsSelected()[pri:1, instance:test.SalesForceTest.SalesForceTest@30669dac, instance params:[]]" name="remenberMelsSelected" class="test.SalesForceTest.SalesForceTest"/>
        <method signature="SalesForceTest.validateSalesforceLogoTest()[pri:0, instance:test.SalesForceTest.SalesForceTest@30669dac, instance params:[]]" name="validateSalesforceLogoTest" class="test.SalesForceTest.SalesForceTest"/>
        <method signature="SpotifyTest.checkEqualErrorMessages()[pri:5, instance:test.SpotifyTest.SpotifyTest@422b8438, instance params:[]]" name="checkEqualErrorMessages" class="test.SpotifyTest.SpotifyTest"/>
        <method signature="SpotifyTest.mostrarSpotifyLinks()[pri:11, instance:test.SpotifyTest.SpotifyTest@422b8438, instance params:[]]" name="mostrarSpotifyLinks" class="test.SpotifyTest.SpotifyTest"/>
        <method signature="SpotifyTest.spotifyByName()[pri:9, instance:test.SpotifyTest.SpotifyTest@422b8438, instance params:[]]" name="spotifyByName" class="test.SpotifyTest.SpotifyTest"/>
        <method signature="SpotifyTest.spotifyByNameFakeTest()[pri:7, instance:test.SpotifyTest.SpotifyTest@422b8438, instance params:[]]" name="spotifyByNameFakeTest" class="test.SpotifyTest.SpotifyTest"/>
        <method signature="SpotifyTest.spotifyByNameTest()[pri:7, instance:test.SpotifyTest.SpotifyTest@422b8438, instance params:[]]" name="spotifyByNameTest" class="test.SpotifyTest.SpotifyTest"/>
        <method signature="SpotifyTest.spotifyByPlaceHolder()[pri:8, instance:test.SpotifyTest.SpotifyTest@422b8438, instance params:[]]" name="spotifyByPlaceHolder" class="test.SpotifyTest.SpotifyTest"/>
        <method signature="SpotifyTest.spotifyByPlaceHolderFakeTest()[pri:8, instance:test.SpotifyTest.SpotifyTest@422b8438, instance params:[]]" name="spotifyByPlaceHolderFakeTest" class="test.SpotifyTest.SpotifyTest"/>
        <method signature="SpotifyTest.spotifyTest()[pri:10, instance:test.SpotifyTest.SpotifyTest@422b8438, instance params:[]]" name="spotifyTest" class="test.SpotifyTest.SpotifyTest"/>
        <method signature="SpotifyTest.spotifytags(java.lang.String)[pri:6, instance:test.SpotifyTest.SpotifyTest@422b8438, instance params:[]]" name="spotifytags" class="test.SpotifyTest.SpotifyTest"/>
        <method signature="SpotifyTest.verifySignupUrl()[pri:1, instance:test.SpotifyTest.SpotifyTest@422b8438, instance params:[]]" name="verifySignupUrl" class="test.SpotifyTest.SpotifyTest"/>
        <method signature="SpotifyTest.verifySpotifyTitle()[pri:0, instance:test.SpotifyTest.SpotifyTest@422b8438, instance params:[]]" name="verifySpotifyTitle" class="test.SpotifyTest.SpotifyTest"/>
      </group> <!-- sucessTests -->
    </groups>
    <test name="Command line test" duration-ms="403672" started-at="2021-03-06T11:29:25 CET" finished-at="2021-03-06T11:36:09 CET">
      <class name="test.SalesForceTest.SalesForceTest">
        <test-method status="PASS" signature="setup()[pri:0, instance:test.SalesForceTest.SalesForceTest@30669dac]" name="setup" is-config="true" duration-ms="2323" started-at="2021-03-06T11:33:31 CET" finished-at="2021-03-06T11:33:34 CET">
          <reporter-output>
          </reporter-output>
        </test-method> <!-- setup -->
        <test-method status="PASS" signature="setup()[pri:0, instance:test.SalesForceTest.SalesForceTest@30669dac, instance params:[]]" name="setup" duration-ms="2795" started-at="2021-03-06T11:33:34 CET" finished-at="2021-03-06T11:33:37 CET">
          <reporter-output>
          </reporter-output>
        </test-method> <!-- setup -->
        <test-method status="PASS" signature="cerrarDriver()[pri:0, instance:test.SalesForceTest.SalesForceTest@30669dac]" name="cerrarDriver" is-config="true" duration-ms="80" started-at="2021-03-06T11:33:37 CET" finished-at="2021-03-06T11:33:37 CET">
          <reporter-output>
          </reporter-output>
        </test-method> <!-- cerrarDriver -->
        <test-method status="PASS" signature="setup()[pri:0, instance:test.SalesForceTest.SalesForceTest@30669dac]" name="setup" is-config="true" duration-ms="2554" started-at="2021-03-06T11:33:37 CET" finished-at="2021-03-06T11:33:39 CET">
          <reporter-output>
          </reporter-output>
        </test-method> <!-- setup -->
        <test-method status="PASS" signature="validateSalesforceLogoTest()[pri:0, instance:test.SalesForceTest.SalesForceTest@30669dac, instance params:[]]" name="validateSalesforceLogoTest" duration-ms="37" started-at="2021-03-06T11:33:39 CET" finished-at="2021-03-06T11:33:39 CET">
          <reporter-output>
          </reporter-output>
        </test-method> <!-- validateSalesforceLogoTest -->
        <test-method status="PASS" signature="cerrarDriver()[pri:0, instance:test.SalesForceTest.SalesForceTest@30669dac]" name="cerrarDriver" is-config="true" duration-ms="83" started-at="2021-03-06T11:33:39 CET" finished-at="2021-03-06T11:33:39 CET">
          <reporter-output>
          </reporter-output>
        </test-method> <!-- cerrarDriver -->
        <test-method status="PASS" signature="setup()[pri:0, instance:test.SalesForceTest.SalesForceTest@30669dac]" name="setup" is-config="true" duration-ms="30067" started-at="2021-03-06T11:33:39 CET" finished-at="2021-03-06T11:34:09 CET">
          <reporter-output>
          </reporter-output>
        </test-method> <!-- setup -->
        <test-method status="PASS" signature="remenberMelsSelected()[pri:1, instance:test.SalesForceTest.SalesForceTest@30669dac, instance params:[]]" name="remenberMelsSelected" duration-ms="547" started-at="2021-03-06T11:34:09 CET" finished-at="2021-03-06T11:34:10 CET">
          <reporter-output>
          </reporter-output>
        </test-method> <!-- remenberMelsSelected -->
        <test-method status="PASS" signature="cerrarDriver()[pri:0, instance:test.SalesForceTest.SalesForceTest@30669dac]" name="cerrarDriver" is-config="true" duration-ms="114" started-at="2021-03-06T11:34:10 CET" finished-at="2021-03-06T11:34:10 CET">
          <reporter-output>
          </reporter-output>
        </test-method> <!-- cerrarDriver -->
        <test-method status="PASS" signature="setup()[pri:0, instance:test.SalesForceTest.SalesForceTest@30669dac]" name="setup" is-config="true" duration-ms="3637" started-at="2021-03-06T11:34:10 CET" finished-at="2021-03-06T11:34:14 CET">
          <reporter-output>
          </reporter-output>
        </test-method> <!-- setup -->
        <test-method status="PASS" signature="FooterIsValid()[pri:2, instance:test.SalesForceTest.SalesForceTest@30669dac, instance params:[]]" name="FooterIsValid" duration-ms="124" started-at="2021-03-06T11:34:14 CET" finished-at="2021-03-06T11:34:14 CET">
          <reporter-output>
          </reporter-output>
        </test-method> <!-- FooterIsValid -->
        <test-method status="PASS" signature="cerrarDriver()[pri:0, instance:test.SalesForceTest.SalesForceTest@30669dac]" name="cerrarDriver" is-config="true" duration-ms="148" started-at="2021-03-06T11:34:14 CET" finished-at="2021-03-06T11:34:14 CET">
          <reporter-output>
          </reporter-output>
        </test-method> <!-- cerrarDriver -->
        <test-method status="PASS" signature="setup()[pri:0, instance:test.SalesForceTest.SalesForceTest@30669dac]" name="setup" is-config="true" duration-ms="2740" started-at="2021-03-06T11:34:14 CET" finished-at="2021-03-06T11:34:17 CET">
          <reporter-output>
          </reporter-output>
        </test-method> <!-- setup -->
        <test-method status="PASS" signature="customSalesforceLinkA()[pri:2, instance:test.SalesForceTest.SalesForceTest@30669dac, instance params:[]]" name="customSalesforceLinkA" duration-ms="5926" started-at="2021-03-06T11:34:17 CET" finished-at="2021-03-06T11:34:23 CET">
          <reporter-output>
          </reporter-output>
        </test-method> <!-- customSalesforceLinkA -->
        <test-method status="PASS" signature="cerrarDriver()[pri:0, instance:test.SalesForceTest.SalesForceTest@30669dac]" name="cerrarDriver" is-config="true" duration-ms="110" started-at="2021-03-06T11:34:23 CET" finished-at="2021-03-06T11:34:23 CET">
          <reporter-output>
          </reporter-output>
        </test-method> <!-- cerrarDriver -->
        <test-method status="PASS" signature="setup()[pri:0, instance:test.SalesForceTest.SalesForceTest@30669dac]" name="setup" is-config="true" duration-ms="2705" started-at="2021-03-06T11:34:23 CET" finished-at="2021-03-06T11:34:25 CET">
          <reporter-output>
          </reporter-output>
        </test-method> <!-- setup -->
        <test-method status="PASS" signature="customSalesforceLinkB()[pri:2, instance:test.SalesForceTest.SalesForceTest@30669dac, instance params:[]]" name="customSalesforceLinkB" duration-ms="278" started-at="2021-03-06T11:34:25 CET" finished-at="2021-03-06T11:34:26 CET">
          <reporter-output>
          </reporter-output>
        </test-method> <!-- customSalesforceLinkB -->
        <test-method status="PASS" signature="cerrarDriver()[pri:0, instance:test.SalesForceTest.SalesForceTest@30669dac]" name="cerrarDriver" is-config="true" duration-ms="87" started-at="2021-03-06T11:34:26 CET" finished-at="2021-03-06T11:34:26 CET">
          <reporter-output>
          </reporter-output>
        </test-method> <!-- cerrarDriver -->
        <test-method status="PASS" signature="setup()[pri:0, instance:test.SalesForceTest.SalesForceTest@30669dac]" name="setup" is-config="true" duration-ms="5942" started-at="2021-03-06T11:34:26 CET" finished-at="2021-03-06T11:34:32 CET">
          <reporter-output>
          </reporter-output>
        </test-method> <!-- setup -->
        <test-method status="PASS" signature="customSalesforceLinkFake()[pri:2, instance:test.SalesForceTest.SalesForceTest@30669dac, instance params:[]]" name="customSalesforceLinkFake" duration-ms="4423" started-at="2021-03-06T11:34:32 CET" finished-at="2021-03-06T11:34:36 CET">
          <reporter-output>
          </reporter-output>
        </test-method> <!-- customSalesforceLinkFake -->
        <test-method status="PASS" signature="cerrarDriver()[pri:0, instance:test.SalesForceTest.SalesForceTest@30669dac]" name="cerrarDriver" is-config="true" duration-ms="109" started-at="2021-03-06T11:34:36 CET" finished-at="2021-03-06T11:34:36 CET">
          <reporter-output>
          </reporter-output>
        </test-method> <!-- cerrarDriver -->
        <test-method status="PASS" signature="setup()[pri:0, instance:test.SalesForceTest.SalesForceTest@30669dac]" name="setup" is-config="true" duration-ms="2314" started-at="2021-03-06T11:34:36 CET" finished-at="2021-03-06T11:34:39 CET">
          <reporter-output>
          </reporter-output>
        </test-method> <!-- setup -->
        <test-method status="PASS" signature="LoginFailureTest()[pri:3, instance:test.SalesForceTest.SalesForceTest@30669dac, instance params:[]]" name="LoginFailureTest" duration-ms="1448" started-at="2021-03-06T11:34:39 CET" finished-at="2021-03-06T11:34:40 CET">
          <reporter-output>
          </reporter-output>
        </test-method> <!-- LoginFailureTest -->
        <test-method status="PASS" signature="cerrarDriver()[pri:0, instance:test.SalesForceTest.SalesForceTest@30669dac]" name="cerrarDriver" is-config="true" duration-ms="109" started-at="2021-03-06T11:34:40 CET" finished-at="2021-03-06T11:34:40 CET">
          <reporter-output>
          </reporter-output>
        </test-method> <!-- cerrarDriver -->
        <test-method status="PASS" signature="setup()[pri:0, instance:test.SalesForceTest.SalesForceTest@30669dac]" name="setup" is-config="true" duration-ms="2288" started-at="2021-03-06T11:34:40 CET" finished-at="2021-03-06T11:34:42 CET">
          <reporter-output>
          </reporter-output>
        </test-method> <!-- setup -->
        <test-method status="FAIL" signature="LoginFailurefakeTest()[pri:3, instance:test.SalesForceTest.SalesForceTest@30669dac, instance params:[]]" name="LoginFailurefakeTest" duration-ms="14881" started-at="2021-03-06T11:34:42 CET" finished-at="2021-03-06T11:34:57 CET">
          <exception class="org.openqa.selenium.TimeoutException">
            <message>
              <![CDATA[Expected condition failed: waiting for presence of element located by: By.xpath: //div[@id='error'] (tried for 10 second(s) with 500 milliseconds interval)]]>
            </message>
            <full-stacktrace>
              <![CDATA[org.openqa.selenium.TimeoutException: Expected condition failed: waiting for presence of element located by: By.xpath: //div[@id='error'] (tried for 10 second(s) with 500 milliseconds interval)
at org.openqa.selenium.support.ui.WebDriverWait.timeoutException(WebDriverWait.java:95)
at org.openqa.selenium.support.ui.FluentWait.until(FluentWait.java:272)
at Hook.Utilities.find_xpath_search_text(Utilities.java:129)
at PageObject.SalesForce.salesForceLoginPage.search_text(salesForceLoginPage.java:57)
at test.SalesForceTest.SalesForceTest.LoginFailurefakeTest(SalesForceTest.java:53)
at sun.reflect.NativeMethodAccessorImpl.invoke0(Native Method)
at sun.reflect.NativeMethodAccessorImpl.invoke(NativeMethodAccessorImpl.java:62)
at sun.reflect.DelegatingMethodAccessorImpl.invoke(DelegatingMethodAccessorImpl.java:43)
at java.lang.reflect.Method.invoke(Method.java:498)
at org.testng.internal.MethodInvocationHelper.invokeMethod(MethodInvocationHelper.java:132)
at org.testng.internal.TestInvoker.invokeMethod(TestInvoker.java:599)
at org.testng.internal.TestInvoker.invokeTestMethod(TestInvoker.java:174)
at org.testng.internal.MethodRunner.runInSequence(MethodRunner.java:46)
at org.testng.internal.TestInvoker$MethodInvocationAgent.invoke(TestInvoker.java:822)
at org.testng.internal.TestInvoker.invokeTestMethods(TestInvoker.java:147)
at org.testng.internal.TestMethodWorker.invokeTestMethods(TestMethodWorker.java:146)
at org.testng.internal.TestMethodWorker.run(TestMethodWorker.java:128)
at java.util.ArrayList.forEach(ArrayList.java:1257)
at org.testng.TestRunner.privateRun(TestRunner.java:764)
at org.testng.TestRunner.run(TestRunner.java:585)
at org.testng.SuiteRunner.runTest(SuiteRunner.java:384)
at org.testng.SuiteRunner.runSequentially(SuiteRunner.java:378)
at org.testng.SuiteRunner.privateRun(SuiteRunner.java:337)
at org.testng.SuiteRunner.run(SuiteRunner.java:286)
at org.testng.SuiteRunnerWorker.runSuite(SuiteRunnerWorker.java:53)
at org.testng.SuiteRunnerWorker.run(SuiteRunnerWorker.java:96)
at org.testng.TestNG.runSuitesSequentially(TestNG.java:1218)
at org.testng.TestNG.runSuitesLocally(TestNG.java:1140)
at org.testng.TestNG.runSuites(TestNG.java:1069)
at org.testng.TestNG.run(TestNG.java:1037)
at org.apache.maven.surefire.testng.TestNGExecutor.run(TestNGExecutor.java:77)
at org.apache.maven.surefire.testng.TestNGDirectoryTestSuite.executeMulti(TestNGDirectoryTestSuite.java:159)
at org.apache.maven.surefire.testng.TestNGDirectoryTestSuite.execute(TestNGDirectoryTestSuite.java:99)
at org.apache.maven.surefire.testng.TestNGProvider.invoke(TestNGProvider.java:106)
at sun.reflect.NativeMethodAccessorImpl.invoke0(Native Method)
at sun.reflect.NativeMethodAccessorImpl.invoke(NativeMethodAccessorImpl.java:62)
at sun.reflect.DelegatingMethodAccessorImpl.invoke(DelegatingMethodAccessorImpl.java:43)
at java.lang.reflect.Method.invoke(Method.java:498)
at org.apache.maven.surefire.util.ReflectionUtils.invokeMethodWithArray(ReflectionUtils.java:189)
at org.apache.maven.surefire.booter.ProviderFactory$ProviderProxy.invoke(ProviderFactory.java:165)
at org.apache.maven.surefire.booter.ProviderFactory.invokeProvider(ProviderFactory.java:85)
at org.apache.maven.surefire.booter.ForkedBooter.runSuitesInProcess(ForkedBooter.java:115)
at org.apache.maven.surefire.booter.ForkedBooter.main(ForkedBooter.java:75)
Caused by: org.openqa.selenium.NoSuchElementException: no such element: Unable to locate element: {"method":"xpath","selector":"//div[@id='error']"}
  (Session info: chrome=89.0.4389.72)
For documentation on this error, please visit: https://www.seleniumhq.org/exceptions/no_such_element.html
Build info: version: '3.141.59', revision: 'e82be7d358', time: '2018-11-14T08:17:03'
System info: host: 'MacBook-Pro-de-fernando.local', ip: 'fe80:0:0:0:14fa:8833:38ad:407b%en0', os.name: 'Mac OS X', os.arch: 'x86_64', os.version: '10.16', java.version: '1.8.0_181'
Driver info: org.openqa.selenium.chrome.ChromeDriver
Capabilities {acceptInsecureCerts: false, browserName: chrome, browserVersion: 89.0.4389.72, chrome: {chromedriverVersion: 88.0.4324.27 (6347fe8bf1e48..., userDataDir: /var/folders/3v/1sl8t8xd1ql...}, goog:chromeOptions: {debuggerAddress: localhost:51312}, javascriptEnabled: true, networkConnectionEnabled: false, pageLoadStrategy: normal, platform: MAC, platformName: MAC, proxy: Proxy(), setWindowRect: true, strictFileInteractability: false, timeouts: {implicit: 0, pageLoad: 300000, script: 30000}, unhandledPromptBehavior: dismiss and notify, webauthn:extension:largeBlob: true, webauthn:virtualAuthenticators: true}
Session ID: 4e1aea5b70e9f82faf3dc6e2e4bb624f
*** Element info: {Using=xpath, value=//div[@id='error']}
at sun.reflect.GeneratedConstructorAccessor13.newInstance(Unknown Source)
at sun.reflect.DelegatingConstructorAccessorImpl.newInstance(DelegatingConstructorAccessorImpl.java:45)
at java.lang.reflect.Constructor.newInstance(Constructor.java:423)
at org.openqa.selenium.remote.http.W3CHttpResponseCodec.createException(W3CHttpResponseCodec.java:187)
at org.openqa.selenium.remote.http.W3CHttpResponseCodec.decode(W3CHttpResponseCodec.java:122)
at org.openqa.selenium.remote.http.W3CHttpResponseCodec.decode(W3CHttpResponseCodec.java:49)
at org.openqa.selenium.remote.HttpCommandExecutor.execute(HttpCommandExecutor.java:158)
at org.openqa.selenium.remote.service.DriverCommandExecutor.execute(DriverCommandExecutor.java:83)
at org.openqa.selenium.remote.RemoteWebDriver.execute(RemoteWebDriver.java:552)
at org.openqa.selenium.remote.RemoteWebDriver.findElement(RemoteWebDriver.java:323)
at org.openqa.selenium.remote.RemoteWebDriver.findElementByXPath(RemoteWebDriver.java:428)
at org.openqa.selenium.By$ByXPath.findElement(By.java:353)
at org.openqa.selenium.remote.RemoteWebDriver.findElement(RemoteWebDriver.java:315)
at org.openqa.selenium.support.ui.ExpectedConditions$6.apply(ExpectedConditions.java:182)
at org.openqa.selenium.support.ui.ExpectedConditions$6.apply(ExpectedConditions.java:179)
at org.openqa.selenium.support.ui.FluentWait.until(FluentWait.java:249)
... 41 more
]]>
            </full-stacktrace>
          </exception> <!-- org.openqa.selenium.TimeoutException -->
          <reporter-output>
          </reporter-output>
        </test-method> <!-- LoginFailurefakeTest -->
        <test-method status="PASS" signature="cerrarDriver()[pri:0, instance:test.SalesForceTest.SalesForceTest@30669dac]" name="cerrarDriver" is-config="true" duration-ms="129" started-at="2021-03-06T11:34:57 CET" finished-at="2021-03-06T11:34:57 CET">
          <reporter-output>
          </reporter-output>
        </test-method> <!-- cerrarDriver -->
      </class> <!-- test.SalesForceTest.SalesForceTest -->
      <class name="test.DataProviderTest.DataGeneratorTest">
        <test-method status="PASS" signature="nombrePaisCapital(java.lang.String, java.lang.String)[pri:0, instance:test.DataProviderTest.DataGeneratorTest@280d9edc]" name="nombrePaisCapital" duration-ms="0" started-at="2021-03-06T11:29:35 CET" data-provider="paises" finished-at="2021-03-06T11:29:35 CET">
          <params>
            <param index="0">
              <value>
                <![CDATA[España]]>
              </value>
            </param>
            <param index="1">
              <value>
                <![CDATA[Madrid]]>
              </value>
            </param>
          </params>
          <reporter-output>
          </reporter-output>
        </test-method> <!-- nombrePaisCapital -->
        <test-method status="PASS" signature="nombrePaisCapital(java.lang.String, java.lang.String)[pri:0, instance:test.DataProviderTest.DataGeneratorTest@280d9edc]" name="nombrePaisCapital" duration-ms="0" started-at="2021-03-06T11:29:35 CET" data-provider="paises" finished-at="2021-03-06T11:29:35 CET">
          <params>
            <param index="0">
              <value>
                <![CDATA[Francia]]>
              </value>
            </param>
            <param index="1">
              <value>
                <![CDATA[París]]>
              </value>
            </param>
          </params>
          <reporter-output>
          </reporter-output>
        </test-method> <!-- nombrePaisCapital -->
        <test-method status="PASS" signature="nombresEdad(java.lang.String, java.lang.String, int)[pri:0, instance:test.DataProviderTest.DataGeneratorTest@280d9edc]" name="nombresEdad" duration-ms="1" started-at="2021-03-06T11:29:35 CET" data-provider="personas" finished-at="2021-03-06T11:29:35 CET">
          <params>
            <param index="0">
              <value>
                <![CDATA[Fernando]]>
              </value>
            </param>
            <param index="1">
              <value>
                <![CDATA[Manriqe]]>
              </value>
            </param>
            <param index="2">
              <value>
                <![CDATA[39]]>
              </value>
            </param>
          </params>
          <reporter-output>
          </reporter-output>
        </test-method> <!-- nombresEdad -->
        <test-method status="PASS" signature="nombresEdad(java.lang.String, java.lang.String, int)[pri:0, instance:test.DataProviderTest.DataGeneratorTest@280d9edc]" name="nombresEdad" duration-ms="0" started-at="2021-03-06T11:29:35 CET" data-provider="personas" finished-at="2021-03-06T11:29:35 CET">
          <params>
            <param index="0">
              <value>
                <![CDATA[Diego]]>
              </value>
            </param>
            <param index="1">
              <value>
                <![CDATA[Manrique]]>
              </value>
            </param>
            <param index="2">
              <value>
                <![CDATA[28]]>
              </value>
            </param>
          </params>
          <reporter-output>
          </reporter-output>
        </test-method> <!-- nombresEdad -->
      </class> <!-- test.DataProviderTest.DataGeneratorTest -->
      <class name="test.FacebookTest.FacebookRegisterTest">
        <test-method status="PASS" signature="setup()[pri:0, instance:test.FacebookTest.FacebookRegisterTest@6a282fdd]" name="setup" is-config="true" duration-ms="2924" started-at="2021-03-06T11:35:19 CET" finished-at="2021-03-06T11:35:22 CET">
          <reporter-output>
          </reporter-output>
        </test-method> <!-- setup -->
        <test-method status="PASS" signature="forgotAccountTest()[pri:0, instance:test.FacebookTest.FacebookRegisterTest@6a282fdd, instance params:[]]" name="forgotAccountTest" duration-ms="1087" started-at="2021-03-06T11:35:22 CET" finished-at="2021-03-06T11:35:23 CET">
          <reporter-output>
          </reporter-output>
        </test-method> <!-- forgotAccountTest -->
        <test-method status="PASS" signature="cerrarDriver()[pri:0, instance:test.FacebookTest.FacebookRegisterTest@6a282fdd]" name="cerrarDriver" is-config="true" duration-ms="98" started-at="2021-03-06T11:35:23 CET" finished-at="2021-03-06T11:35:23 CET">
          <reporter-output>
          </reporter-output>
        </test-method> <!-- cerrarDriver -->
        <test-method status="PASS" signature="setup()[pri:0, instance:test.FacebookTest.FacebookRegisterTest@6a282fdd]" name="setup" is-config="true" duration-ms="2931" started-at="2021-03-06T11:35:23 CET" finished-at="2021-03-06T11:35:26 CET">
          <reporter-output>
          </reporter-output>
        </test-method> <!-- setup -->
        <test-method status="PASS" signature="setup()[pri:0, instance:test.FacebookTest.FacebookRegisterTest@6a282fdd, instance params:[]]" name="setup" duration-ms="3532" started-at="2021-03-06T11:35:26 CET" finished-at="2021-03-06T11:35:30 CET">
          <reporter-output>
          </reporter-output>
        </test-method> <!-- setup -->
        <test-method status="PASS" signature="cerrarDriver()[pri:0, instance:test.FacebookTest.FacebookRegisterTest@6a282fdd]" name="cerrarDriver" is-config="true" duration-ms="93" started-at="2021-03-06T11:35:30 CET" finished-at="2021-03-06T11:35:30 CET">
          <reporter-output>
          </reporter-output>
        </test-method> <!-- cerrarDriver -->
        <test-method status="PASS" signature="setup()[pri:0, instance:test.FacebookTest.FacebookRegisterTest@6a282fdd]" name="setup" is-config="true" duration-ms="2776" started-at="2021-03-06T11:35:30 CET" finished-at="2021-03-06T11:35:33 CET">
          <reporter-output>
          </reporter-output>
        </test-method> <!-- setup -->
        <test-method status="PASS" signature="forgotAccountPartialLinkTest()[pri:1, instance:test.FacebookTest.FacebookRegisterTest@6a282fdd, instance params:[]]" name="forgotAccountPartialLinkTest" duration-ms="1041" started-at="2021-03-06T11:35:33 CET" finished-at="2021-03-06T11:35:34 CET">
          <reporter-output>
          </reporter-output>
        </test-method> <!-- forgotAccountPartialLinkTest -->
        <test-method status="PASS" signature="cerrarDriver()[pri:0, instance:test.FacebookTest.FacebookRegisterTest@6a282fdd]" name="cerrarDriver" is-config="true" duration-ms="98" started-at="2021-03-06T11:35:34 CET" finished-at="2021-03-06T11:35:34 CET">
          <reporter-output>
          </reporter-output>
        </test-method> <!-- cerrarDriver -->
        <test-method status="PASS" signature="setup()[pri:0, instance:test.FacebookTest.FacebookRegisterTest@6a282fdd]" name="setup" is-config="true" duration-ms="2706" started-at="2021-03-06T11:35:34 CET" finished-at="2021-03-06T11:35:37 CET">
          <reporter-output>
          </reporter-output>
        </test-method> <!-- setup -->
        <test-method status="PASS" signature="checkBoxAndComboboxFakeTest()[pri:3, instance:test.FacebookTest.FacebookRegisterTest@6a282fdd, instance params:[]]" name="checkBoxAndComboboxFakeTest" duration-ms="1231" started-at="2021-03-06T11:35:37 CET" finished-at="2021-03-06T11:35:38 CET">
          <reporter-output>
          </reporter-output>
        </test-method> <!-- checkBoxAndComboboxFakeTest -->
        <test-method status="PASS" signature="cerrarDriver()[pri:0, instance:test.FacebookTest.FacebookRegisterTest@6a282fdd]" name="cerrarDriver" is-config="true" duration-ms="101" started-at="2021-03-06T11:35:38 CET" finished-at="2021-03-06T11:35:38 CET">
          <reporter-output>
          </reporter-output>
        </test-method> <!-- cerrarDriver -->
        <test-method status="PASS" signature="setup()[pri:0, instance:test.FacebookTest.FacebookRegisterTest@6a282fdd]" name="setup" is-config="true" duration-ms="2955" started-at="2021-03-06T11:35:38 CET" finished-at="2021-03-06T11:35:41 CET">
          <reporter-output>
          </reporter-output>
        </test-method> <!-- setup -->
        <test-method status="PASS" signature="checkBoxAndComboboxTest()[pri:3, instance:test.FacebookTest.FacebookRegisterTest@6a282fdd, instance params:[]]" name="checkBoxAndComboboxTest" duration-ms="1137" started-at="2021-03-06T11:35:41 CET" finished-at="2021-03-06T11:35:42 CET">
          <reporter-output>
          </reporter-output>
        </test-method> <!-- checkBoxAndComboboxTest -->
        <test-method status="PASS" signature="cerrarDriver()[pri:0, instance:test.FacebookTest.FacebookRegisterTest@6a282fdd]" name="cerrarDriver" is-config="true" duration-ms="99" started-at="2021-03-06T11:35:42 CET" finished-at="2021-03-06T11:35:42 CET">
          <reporter-output>
          </reporter-output>
        </test-method> <!-- cerrarDriver -->
        <test-method status="PASS" signature="setup()[pri:0, instance:test.FacebookTest.FacebookRegisterTest@6a282fdd]" name="setup" is-config="true" duration-ms="2946" started-at="2021-03-06T11:35:42 CET" finished-at="2021-03-06T11:35:45 CET">
          <reporter-output>
          </reporter-output>
        </test-method> <!-- setup -->
        <test-method status="PASS" signature="birthdateTest()[pri:4, instance:test.FacebookTest.FacebookRegisterTest@6a282fdd, instance params:[]]" name="birthdateTest" duration-ms="1384" started-at="2021-03-06T11:35:45 CET" finished-at="2021-03-06T11:35:46 CET">
          <reporter-output>
          </reporter-output>
        </test-method> <!-- birthdateTest -->
        <test-method status="PASS" signature="cerrarDriver()[pri:0, instance:test.FacebookTest.FacebookRegisterTest@6a282fdd]" name="cerrarDriver" is-config="true" duration-ms="96" started-at="2021-03-06T11:35:46 CET" finished-at="2021-03-06T11:35:47 CET">
          <reporter-output>
          </reporter-output>
        </test-method> <!-- cerrarDriver -->
        <test-method status="PASS" signature="setup()[pri:0, instance:test.FacebookTest.FacebookRegisterTest@6a282fdd]" name="setup" is-config="true" duration-ms="2937" started-at="2021-03-06T11:35:47 CET" finished-at="2021-03-06T11:35:49 CET">
          <reporter-output>
          </reporter-output>
        </test-method> <!-- setup -->
        <test-method status="PASS" signature="comboboxTest()[pri:5, instance:test.FacebookTest.FacebookRegisterTest@6a282fdd, instance params:[]]" name="comboboxTest" duration-ms="848" started-at="2021-03-06T11:35:49 CET" finished-at="2021-03-06T11:35:50 CET">
          <reporter-output>
          </reporter-output>
        </test-method> <!-- comboboxTest -->
        <test-method status="PASS" signature="cerrarDriver()[pri:0, instance:test.FacebookTest.FacebookRegisterTest@6a282fdd]" name="cerrarDriver" is-config="true" duration-ms="100" started-at="2021-03-06T11:35:50 CET" finished-at="2021-03-06T11:35:50 CET">
          <reporter-output>
          </reporter-output>
        </test-method> <!-- cerrarDriver -->
        <test-method status="PASS" signature="setup()[pri:0, instance:test.FacebookTest.FacebookRegisterTest@6a282fdd]" name="setup" is-config="true" duration-ms="3137" started-at="2021-03-06T11:35:50 CET" finished-at="2021-03-06T11:35:54 CET">
          <reporter-output>
          </reporter-output>
        </test-method> <!-- setup -->
        <test-method status="PASS" signature="completeRegistration()[pri:6, instance:test.FacebookTest.FacebookRegisterTest@6a282fdd, instance params:[]]" name="completeRegistration" duration-ms="1178" started-at="2021-03-06T11:35:54 CET" finished-at="2021-03-06T11:35:55 CET">
          <reporter-output>
          </reporter-output>
        </test-method> <!-- completeRegistration -->
        <test-method status="PASS" signature="cerrarDriver()[pri:0, instance:test.FacebookTest.FacebookRegisterTest@6a282fdd]" name="cerrarDriver" is-config="true" duration-ms="92" started-at="2021-03-06T11:35:55 CET" finished-at="2021-03-06T11:35:55 CET">
          <reporter-output>
          </reporter-output>
        </test-method> <!-- cerrarDriver -->
        <test-method status="PASS" signature="setup()[pri:0, instance:test.FacebookTest.FacebookRegisterTest@6a282fdd]" name="setup" is-config="true" duration-ms="2926" started-at="2021-03-06T11:35:55 CET" finished-at="2021-03-06T11:35:58 CET">
          <reporter-output>
          </reporter-output>
        </test-method> <!-- setup -->
        <test-method status="PASS" signature="completeRegistrationFake()[pri:6, instance:test.FacebookTest.FacebookRegisterTest@6a282fdd, instance params:[]]" name="completeRegistrationFake" duration-ms="1708" started-at="2021-03-06T11:35:58 CET" finished-at="2021-03-06T11:35:59 CET">
          <reporter-output>
          </reporter-output>
        </test-method> <!-- completeRegistrationFake -->
        <test-method status="PASS" signature="cerrarDriver()[pri:0, instance:test.FacebookTest.FacebookRegisterTest@6a282fdd]" name="cerrarDriver" is-config="true" duration-ms="96" started-at="2021-03-06T11:35:59 CET" finished-at="2021-03-06T11:36:00 CET">
          <reporter-output>
          </reporter-output>
        </test-method> <!-- cerrarDriver -->
        <test-method status="PASS" signature="setup()[pri:0, instance:test.FacebookTest.FacebookRegisterTest@6a282fdd]" name="setup" is-config="true" duration-ms="3079" started-at="2021-03-06T11:36:00 CET" finished-at="2021-03-06T11:36:03 CET">
          <reporter-output>
          </reporter-output>
        </test-method> <!-- setup -->
        <test-method status="PASS" signature="registrationFacebookFakeTest()[pri:7, instance:test.FacebookTest.FacebookRegisterTest@6a282fdd, instance params:[]]" name="registrationFacebookFakeTest" duration-ms="1289" started-at="2021-03-06T11:36:03 CET" finished-at="2021-03-06T11:36:04 CET">
          <reporter-output>
          </reporter-output>
        </test-method> <!-- registrationFacebookFakeTest -->
        <test-method status="PASS" signature="cerrarDriver()[pri:0, instance:test.FacebookTest.FacebookRegisterTest@6a282fdd]" name="cerrarDriver" is-config="true" duration-ms="91" started-at="2021-03-06T11:36:04 CET" finished-at="2021-03-06T11:36:04 CET">
          <reporter-output>
          </reporter-output>
        </test-method> <!-- cerrarDriver -->
        <test-method status="PASS" signature="setup()[pri:0, instance:test.FacebookTest.FacebookRegisterTest@6a282fdd]" name="setup" is-config="true" duration-ms="3494" started-at="2021-03-06T11:36:04 CET" finished-at="2021-03-06T11:36:08 CET">
          <reporter-output>
          </reporter-output>
        </test-method> <!-- setup -->
        <test-method status="PASS" signature="registrationFacebookTest()[pri:7, instance:test.FacebookTest.FacebookRegisterTest@6a282fdd, instance params:[]]" name="registrationFacebookTest" duration-ms="1178" started-at="2021-03-06T11:36:08 CET" finished-at="2021-03-06T11:36:09 CET">
          <reporter-output>
          </reporter-output>
        </test-method> <!-- registrationFacebookTest -->
        <test-method status="PASS" signature="cerrarDriver()[pri:0, instance:test.FacebookTest.FacebookRegisterTest@6a282fdd]" name="cerrarDriver" is-config="true" duration-ms="99" started-at="2021-03-06T11:36:09 CET" finished-at="2021-03-06T11:36:09 CET">
          <reporter-output>
          </reporter-output>
        </test-method> <!-- cerrarDriver -->
      </class> <!-- test.FacebookTest.FacebookRegisterTest -->
      <class name="test.SpotifyTest.SpotifyTest">
        <test-method status="PASS" signature="setup()[pri:0, instance:test.SpotifyTest.SpotifyTest@422b8438]" name="setup" is-config="true" duration-ms="4091" started-at="2021-03-06T11:30:21 CET" finished-at="2021-03-06T11:30:25 CET">
          <reporter-output>
          </reporter-output>
        </test-method> <!-- setup -->
        <test-method status="PASS" signature="setup()[pri:0, instance:test.SpotifyTest.SpotifyTest@422b8438, instance params:[]]" name="setup" duration-ms="4747" started-at="2021-03-06T11:30:25 CET" finished-at="2021-03-06T11:30:30 CET">
          <reporter-output>
          </reporter-output>
        </test-method> <!-- setup -->
        <test-method status="PASS" signature="cerrarDriver()[pri:0, instance:test.SpotifyTest.SpotifyTest@422b8438]" name="cerrarDriver" is-config="true" duration-ms="147" started-at="2021-03-06T11:30:30 CET" finished-at="2021-03-06T11:30:30 CET">
          <reporter-output>
          </reporter-output>
        </test-method> <!-- cerrarDriver -->
        <test-method status="FAIL" signature="setup()[pri:0, instance:test.SpotifyTest.SpotifyTest@422b8438]" name="setup" is-config="true" duration-ms="4891" started-at="2021-03-06T11:30:30 CET" finished-at="2021-03-06T11:30:35 CET">
          <exception class="org.openqa.selenium.ElementClickInterceptedException">
            <message>
              <![CDATA[element click intercepted: Element is not clickable at point (142, 672)
  (Session info: chrome=89.0.4389.72)
Build info: version: '3.141.59', revision: 'e82be7d358', time: '2018-11-14T08:17:03'
System info: host: 'MacBook-Pro-de-fernando.local', ip: 'fe80:0:0:0:14fa:8833:38ad:407b%en0', os.name: 'Mac OS X', os.arch: 'x86_64', os.version: '10.16', java.version: '1.8.0_181'
Driver info: org.openqa.selenium.chrome.ChromeDriver
Capabilities {acceptInsecureCerts: false, browserName: chrome, browserVersion: 89.0.4389.72, chrome: {chromedriverVersion: 88.0.4324.27 (6347fe8bf1e48..., userDataDir: /var/folders/3v/1sl8t8xd1ql...}, goog:chromeOptions: {debuggerAddress: localhost:50390}, javascriptEnabled: true, networkConnectionEnabled: false, pageLoadStrategy: normal, platform: MAC, platformName: MAC, proxy: Proxy(), setWindowRect: true, strictFileInteractability: false, timeouts: {implicit: 0, pageLoad: 300000, script: 30000}, unhandledPromptBehavior: dismiss and notify, webauthn:extension:largeBlob: true, webauthn:virtualAuthenticators: true}
Session ID: 9094011204a3888914f99849e6b4077b]]>
            </message>
            <full-stacktrace>
              <![CDATA[org.openqa.selenium.ElementClickInterceptedException: element click intercepted: Element is not clickable at point (142, 672)
  (Session info: chrome=89.0.4389.72)
Build info: version: '3.141.59', revision: 'e82be7d358', time: '2018-11-14T08:17:03'
System info: host: 'MacBook-Pro-de-fernando.local', ip: 'fe80:0:0:0:14fa:8833:38ad:407b%en0', os.name: 'Mac OS X', os.arch: 'x86_64', os.version: '10.16', java.version: '1.8.0_181'
Driver info: org.openqa.selenium.chrome.ChromeDriver
Capabilities {acceptInsecureCerts: false, browserName: chrome, browserVersion: 89.0.4389.72, chrome: {chromedriverVersion: 88.0.4324.27 (6347fe8bf1e48..., userDataDir: /var/folders/3v/1sl8t8xd1ql...}, goog:chromeOptions: {debuggerAddress: localhost:50390}, javascriptEnabled: true, networkConnectionEnabled: false, pageLoadStrategy: normal, platform: MAC, platformName: MAC, proxy: Proxy(), setWindowRect: true, strictFileInteractability: false, timeouts: {implicit: 0, pageLoad: 300000, script: 30000}, unhandledPromptBehavior: dismiss and notify, webauthn:extension:largeBlob: true, webauthn:virtualAuthenticators: true}
Session ID: 9094011204a3888914f99849e6b4077b
at sun.reflect.NativeConstructorAccessorImpl.newInstance0(Native Method)
at sun.reflect.NativeConstructorAccessorImpl.newInstance(NativeConstructorAccessorImpl.java:62)
at sun.reflect.DelegatingConstructorAccessorImpl.newInstance(DelegatingConstructorAccessorImpl.java:45)
at java.lang.reflect.Constructor.newInstance(Constructor.java:423)
at org.openqa.selenium.remote.http.W3CHttpResponseCodec.createException(W3CHttpResponseCodec.java:187)
at org.openqa.selenium.remote.http.W3CHttpResponseCodec.decode(W3CHttpResponseCodec.java:122)
at org.openqa.selenium.remote.http.W3CHttpResponseCodec.decode(W3CHttpResponseCodec.java:49)
at org.openqa.selenium.remote.HttpCommandExecutor.execute(HttpCommandExecutor.java:158)
at org.openqa.selenium.remote.service.DriverCommandExecutor.execute(DriverCommandExecutor.java:83)
at org.openqa.selenium.remote.RemoteWebDriver.execute(RemoteWebDriver.java:552)
at org.openqa.selenium.remote.RemoteWebElement.execute(RemoteWebElement.java:285)
at org.openqa.selenium.remote.RemoteWebElement.click(RemoteWebElement.java:84)
at Hook.Utilities.click_element_xpath(Utilities.java:74)
at PageObject.Spotify.spotifyHomePage.accept_cookies(spotifyHomePage.java:25)
at Hook.BeforeAfterDriver.DriverSpotify.setup(DriverSpotify.java:29)
at sun.reflect.NativeMethodAccessorImpl.invoke0(Native Method)
at sun.reflect.NativeMethodAccessorImpl.invoke(NativeMethodAccessorImpl.java:62)
at sun.reflect.DelegatingMethodAccessorImpl.invoke(DelegatingMethodAccessorImpl.java:43)
at java.lang.reflect.Method.invoke(Method.java:498)
at org.testng.internal.MethodInvocationHelper.invokeMethod(MethodInvocationHelper.java:132)
at org.testng.internal.MethodInvocationHelper.invokeMethodConsideringTimeout(MethodInvocationHelper.java:61)
at org.testng.internal.ConfigInvoker.invokeConfigurationMethod(ConfigInvoker.java:366)
at org.testng.internal.ConfigInvoker.invokeConfigurations(ConfigInvoker.java:320)
at org.testng.internal.TestInvoker.runConfigMethods(TestInvoker.java:701)
at org.testng.internal.TestInvoker.invokeMethod(TestInvoker.java:527)
at org.testng.internal.TestInvoker.invokeTestMethod(TestInvoker.java:174)
at org.testng.internal.MethodRunner.runInSequence(MethodRunner.java:46)
at org.testng.internal.TestInvoker$MethodInvocationAgent.invoke(TestInvoker.java:822)
at org.testng.internal.TestInvoker.invokeTestMethods(TestInvoker.java:147)
at org.testng.internal.TestMethodWorker.invokeTestMethods(TestMethodWorker.java:146)
at org.testng.internal.TestMethodWorker.run(TestMethodWorker.java:128)
at java.util.ArrayList.forEach(ArrayList.java:1257)
at org.testng.TestRunner.privateRun(TestRunner.java:764)
at org.testng.TestRunner.run(TestRunner.java:585)
at org.testng.SuiteRunner.runTest(SuiteRunner.java:384)
at org.testng.SuiteRunner.runSequentially(SuiteRunner.java:378)
at org.testng.SuiteRunner.privateRun(SuiteRunner.java:337)
at org.testng.SuiteRunner.run(SuiteRunner.java:286)
at org.testng.SuiteRunnerWorker.runSuite(SuiteRunnerWorker.java:53)
at org.testng.SuiteRunnerWorker.run(SuiteRunnerWorker.java:96)
at org.testng.TestNG.runSuitesSequentially(TestNG.java:1218)
at org.testng.TestNG.runSuitesLocally(TestNG.java:1140)
at org.testng.TestNG.runSuites(TestNG.java:1069)
at org.testng.TestNG.run(TestNG.java:1037)
at org.apache.maven.surefire.testng.TestNGExecutor.run(TestNGExecutor.java:77)
at org.apache.maven.surefire.testng.TestNGDirectoryTestSuite.executeMulti(TestNGDirectoryTestSuite.java:159)
at org.apache.maven.surefire.testng.TestNGDirectoryTestSuite.execute(TestNGDirectoryTestSuite.java:99)
at org.apache.maven.surefire.testng.TestNGProvider.invoke(TestNGProvider.java:106)
at sun.reflect.NativeMethodAccessorImpl.invoke0(Native Method)
at sun.reflect.NativeMethodAccessorImpl.invoke(NativeMethodAccessorImpl.java:62)
at sun.reflect.DelegatingMethodAccessorImpl.invoke(DelegatingMethodAccessorImpl.java:43)
at java.lang.reflect.Method.invoke(Method.java:498)
at org.apache.maven.surefire.util.ReflectionUtils.invokeMethodWithArray(ReflectionUtils.java:189)
at org.apache.maven.surefire.booter.ProviderFactory$ProviderProxy.invoke(ProviderFactory.java:165)
at org.apache.maven.surefire.booter.ProviderFactory.invokeProvider(ProviderFactory.java:85)
at org.apache.maven.surefire.booter.ForkedBooter.runSuitesInProcess(ForkedBooter.java:115)
at org.apache.maven.surefire.booter.ForkedBooter.main(ForkedBooter.java:75)
]]>
            </full-stacktrace>
          </exception> <!-- org.openqa.selenium.ElementClickInterceptedException -->
          <reporter-output>
          </reporter-output>
        </test-method> <!-- setup -->
        <test-method status="SKIP" signature="cerrarDriver()[pri:0, instance:test.SpotifyTest.SpotifyTest@422b8438]" name="cerrarDriver" is-config="true" duration-ms="-1615026635534" started-at="2021-03-06T11:30:35 CET" finished-at="1970-01-01T01:00:00 CET">
          <reporter-output>
          </reporter-output>
        </test-method> <!-- cerrarDriver -->
        <test-method status="SKIP" signature="verifySpotifyTitle()[pri:0, instance:test.SpotifyTest.SpotifyTest@422b8438, instance params:[]]" name="verifySpotifyTitle" duration-ms="0" started-at="2021-03-06T11:30:35 CET" finished-at="2021-03-06T11:30:35 CET">
          <exception class="org.openqa.selenium.ElementClickInterceptedException">
            <message>
              <![CDATA[element click intercepted: Element is not clickable at point (142, 672)
  (Session info: chrome=89.0.4389.72)
Build info: version: '3.141.59', revision: 'e82be7d358', time: '2018-11-14T08:17:03'
System info: host: 'MacBook-Pro-de-fernando.local', ip: 'fe80:0:0:0:14fa:8833:38ad:407b%en0', os.name: 'Mac OS X', os.arch: 'x86_64', os.version: '10.16', java.version: '1.8.0_181'
Driver info: org.openqa.selenium.chrome.ChromeDriver
Capabilities {acceptInsecureCerts: false, browserName: chrome, browserVersion: 89.0.4389.72, chrome: {chromedriverVersion: 88.0.4324.27 (6347fe8bf1e48..., userDataDir: /var/folders/3v/1sl8t8xd1ql...}, goog:chromeOptions: {debuggerAddress: localhost:50390}, javascriptEnabled: true, networkConnectionEnabled: false, pageLoadStrategy: normal, platform: MAC, platformName: MAC, proxy: Proxy(), setWindowRect: true, strictFileInteractability: false, timeouts: {implicit: 0, pageLoad: 300000, script: 30000}, unhandledPromptBehavior: dismiss and notify, webauthn:extension:largeBlob: true, webauthn:virtualAuthenticators: true}
Session ID: 9094011204a3888914f99849e6b4077b]]>
            </message>
            <full-stacktrace>
              <![CDATA[org.openqa.selenium.ElementClickInterceptedException: element click intercepted: Element is not clickable at point (142, 672)
  (Session info: chrome=89.0.4389.72)
Build info: version: '3.141.59', revision: 'e82be7d358', time: '2018-11-14T08:17:03'
System info: host: 'MacBook-Pro-de-fernando.local', ip: 'fe80:0:0:0:14fa:8833:38ad:407b%en0', os.name: 'Mac OS X', os.arch: 'x86_64', os.version: '10.16', java.version: '1.8.0_181'
Driver info: org.openqa.selenium.chrome.ChromeDriver
Capabilities {acceptInsecureCerts: false, browserName: chrome, browserVersion: 89.0.4389.72, chrome: {chromedriverVersion: 88.0.4324.27 (6347fe8bf1e48..., userDataDir: /var/folders/3v/1sl8t8xd1ql...}, goog:chromeOptions: {debuggerAddress: localhost:50390}, javascriptEnabled: true, networkConnectionEnabled: false, pageLoadStrategy: normal, platform: MAC, platformName: MAC, proxy: Proxy(), setWindowRect: true, strictFileInteractability: false, timeouts: {implicit: 0, pageLoad: 300000, script: 30000}, unhandledPromptBehavior: dismiss and notify, webauthn:extension:largeBlob: true, webauthn:virtualAuthenticators: true}
Session ID: 9094011204a3888914f99849e6b4077b
at sun.reflect.NativeConstructorAccessorImpl.newInstance0(Native Method)
at sun.reflect.NativeConstructorAccessorImpl.newInstance(NativeConstructorAccessorImpl.java:62)
at sun.reflect.DelegatingConstructorAccessorImpl.newInstance(DelegatingConstructorAccessorImpl.java:45)
at java.lang.reflect.Constructor.newInstance(Constructor.java:423)
at org.openqa.selenium.remote.http.W3CHttpResponseCodec.createException(W3CHttpResponseCodec.java:187)
at org.openqa.selenium.remote.http.W3CHttpResponseCodec.decode(W3CHttpResponseCodec.java:122)
at org.openqa.selenium.remote.http.W3CHttpResponseCodec.decode(W3CHttpResponseCodec.java:49)
at org.openqa.selenium.remote.HttpCommandExecutor.execute(HttpCommandExecutor.java:158)
at org.openqa.selenium.remote.service.DriverCommandExecutor.execute(DriverCommandExecutor.java:83)
at org.openqa.selenium.remote.RemoteWebDriver.execute(RemoteWebDriver.java:552)
at org.openqa.selenium.remote.RemoteWebElement.execute(RemoteWebElement.java:285)
at org.openqa.selenium.remote.RemoteWebElement.click(RemoteWebElement.java:84)
at Hook.Utilities.click_element_xpath(Utilities.java:74)
at PageObject.Spotify.spotifyHomePage.accept_cookies(spotifyHomePage.java:25)
at Hook.BeforeAfterDriver.DriverSpotify.setup(DriverSpotify.java:29)
at sun.reflect.NativeMethodAccessorImpl.invoke0(Native Method)
at sun.reflect.NativeMethodAccessorImpl.invoke(NativeMethodAccessorImpl.java:62)
at sun.reflect.DelegatingMethodAccessorImpl.invoke(DelegatingMethodAccessorImpl.java:43)
at java.lang.reflect.Method.invoke(Method.java:498)
at org.testng.internal.MethodInvocationHelper.invokeMethod(MethodInvocationHelper.java:132)
at org.testng.internal.MethodInvocationHelper.invokeMethodConsideringTimeout(MethodInvocationHelper.java:61)
at org.testng.internal.ConfigInvoker.invokeConfigurationMethod(ConfigInvoker.java:366)
at org.testng.internal.ConfigInvoker.invokeConfigurations(ConfigInvoker.java:320)
at org.testng.internal.TestInvoker.runConfigMethods(TestInvoker.java:701)
at org.testng.internal.TestInvoker.invokeMethod(TestInvoker.java:527)
at org.testng.internal.TestInvoker.invokeTestMethod(TestInvoker.java:174)
at org.testng.internal.MethodRunner.runInSequence(MethodRunner.java:46)
at org.testng.internal.TestInvoker$MethodInvocationAgent.invoke(TestInvoker.java:822)
at org.testng.internal.TestInvoker.invokeTestMethods(TestInvoker.java:147)
at org.testng.internal.TestMethodWorker.invokeTestMethods(TestMethodWorker.java:146)
at org.testng.internal.TestMethodWorker.run(TestMethodWorker.java:128)
at java.util.ArrayList.forEach(ArrayList.java:1257)
at org.testng.TestRunner.privateRun(TestRunner.java:764)
at org.testng.TestRunner.run(TestRunner.java:585)
at org.testng.SuiteRunner.runTest(SuiteRunner.java:384)
at org.testng.SuiteRunner.runSequentially(SuiteRunner.java:378)
at org.testng.SuiteRunner.privateRun(SuiteRunner.java:337)
at org.testng.SuiteRunner.run(SuiteRunner.java:286)
at org.testng.SuiteRunnerWorker.runSuite(SuiteRunnerWorker.java:53)
at org.testng.SuiteRunnerWorker.run(SuiteRunnerWorker.java:96)
at org.testng.TestNG.runSuitesSequentially(TestNG.java:1218)
at org.testng.TestNG.runSuitesLocally(TestNG.java:1140)
at org.testng.TestNG.runSuites(TestNG.java:1069)
at org.testng.TestNG.run(TestNG.java:1037)
at org.apache.maven.surefire.testng.TestNGExecutor.run(TestNGExecutor.java:77)
at org.apache.maven.surefire.testng.TestNGDirectoryTestSuite.executeMulti(TestNGDirectoryTestSuite.java:159)
at org.apache.maven.surefire.testng.TestNGDirectoryTestSuite.execute(TestNGDirectoryTestSuite.java:99)
at org.apache.maven.surefire.testng.TestNGProvider.invoke(TestNGProvider.java:106)
at sun.reflect.NativeMethodAccessorImpl.invoke0(Native Method)
at sun.reflect.NativeMethodAccessorImpl.invoke(NativeMethodAccessorImpl.java:62)
at sun.reflect.DelegatingMethodAccessorImpl.invoke(DelegatingMethodAccessorImpl.java:43)
at java.lang.reflect.Method.invoke(Method.java:498)
at org.apache.maven.surefire.util.ReflectionUtils.invokeMethodWithArray(ReflectionUtils.java:189)
at org.apache.maven.surefire.booter.ProviderFactory$ProviderProxy.invoke(ProviderFactory.java:165)
at org.apache.maven.surefire.booter.ProviderFactory.invokeProvider(ProviderFactory.java:85)
at org.apache.maven.surefire.booter.ForkedBooter.runSuitesInProcess(ForkedBooter.java:115)
at org.apache.maven.surefire.booter.ForkedBooter.main(ForkedBooter.java:75)
]]>
            </full-stacktrace>
          </exception> <!-- org.openqa.selenium.ElementClickInterceptedException -->
          <reporter-output>
          </reporter-output>
        </test-method> <!-- verifySpotifyTitle -->
        <test-method status="SKIP" signature="setup()[pri:0, instance:test.SpotifyTest.SpotifyTest@422b8438]" name="setup" is-config="true" duration-ms="-1615026727180" started-at="2021-03-06T11:32:07 CET" finished-at="1970-01-01T01:00:00 CET">
          <reporter-output>
          </reporter-output>
        </test-method> <!-- setup -->
        <test-method status="SKIP" signature="verifySignupUrl()[pri:1, instance:test.SpotifyTest.SpotifyTest@422b8438, instance params:[]]" name="verifySignupUrl" duration-ms="0" started-at="2021-03-06T11:32:07 CET" finished-at="2021-03-06T11:32:07 CET">
          <exception class="org.openqa.selenium.ElementClickInterceptedException">
            <message>
              <![CDATA[element click intercepted: Element is not clickable at point (142, 672)
  (Session info: chrome=89.0.4389.72)
Build info: version: '3.141.59', revision: 'e82be7d358', time: '2018-11-14T08:17:03'
System info: host: 'MacBook-Pro-de-fernando.local', ip: 'fe80:0:0:0:14fa:8833:38ad:407b%en0', os.name: 'Mac OS X', os.arch: 'x86_64', os.version: '10.16', java.version: '1.8.0_181'
Driver info: org.openqa.selenium.chrome.ChromeDriver
Capabilities {acceptInsecureCerts: false, browserName: chrome, browserVersion: 89.0.4389.72, chrome: {chromedriverVersion: 88.0.4324.27 (6347fe8bf1e48..., userDataDir: /var/folders/3v/1sl8t8xd1ql...}, goog:chromeOptions: {debuggerAddress: localhost:50390}, javascriptEnabled: true, networkConnectionEnabled: false, pageLoadStrategy: normal, platform: MAC, platformName: MAC, proxy: Proxy(), setWindowRect: true, strictFileInteractability: false, timeouts: {implicit: 0, pageLoad: 300000, script: 30000}, unhandledPromptBehavior: dismiss and notify, webauthn:extension:largeBlob: true, webauthn:virtualAuthenticators: true}
Session ID: 9094011204a3888914f99849e6b4077b]]>
            </message>
            <full-stacktrace>
              <![CDATA[org.openqa.selenium.ElementClickInterceptedException: element click intercepted: Element is not clickable at point (142, 672)
  (Session info: chrome=89.0.4389.72)
Build info: version: '3.141.59', revision: 'e82be7d358', time: '2018-11-14T08:17:03'
System info: host: 'MacBook-Pro-de-fernando.local', ip: 'fe80:0:0:0:14fa:8833:38ad:407b%en0', os.name: 'Mac OS X', os.arch: 'x86_64', os.version: '10.16', java.version: '1.8.0_181'
Driver info: org.openqa.selenium.chrome.ChromeDriver
Capabilities {acceptInsecureCerts: false, browserName: chrome, browserVersion: 89.0.4389.72, chrome: {chromedriverVersion: 88.0.4324.27 (6347fe8bf1e48..., userDataDir: /var/folders/3v/1sl8t8xd1ql...}, goog:chromeOptions: {debuggerAddress: localhost:50390}, javascriptEnabled: true, networkConnectionEnabled: false, pageLoadStrategy: normal, platform: MAC, platformName: MAC, proxy: Proxy(), setWindowRect: true, strictFileInteractability: false, timeouts: {implicit: 0, pageLoad: 300000, script: 30000}, unhandledPromptBehavior: dismiss and notify, webauthn:extension:largeBlob: true, webauthn:virtualAuthenticators: true}
Session ID: 9094011204a3888914f99849e6b4077b
at sun.reflect.NativeConstructorAccessorImpl.newInstance0(Native Method)
at sun.reflect.NativeConstructorAccessorImpl.newInstance(NativeConstructorAccessorImpl.java:62)
at sun.reflect.DelegatingConstructorAccessorImpl.newInstance(DelegatingConstructorAccessorImpl.java:45)
at java.lang.reflect.Constructor.newInstance(Constructor.java:423)
at org.openqa.selenium.remote.http.W3CHttpResponseCodec.createException(W3CHttpResponseCodec.java:187)
at org.openqa.selenium.remote.http.W3CHttpResponseCodec.decode(W3CHttpResponseCodec.java:122)
at org.openqa.selenium.remote.http.W3CHttpResponseCodec.decode(W3CHttpResponseCodec.java:49)
at org.openqa.selenium.remote.HttpCommandExecutor.execute(HttpCommandExecutor.java:158)
at org.openqa.selenium.remote.service.DriverCommandExecutor.execute(DriverCommandExecutor.java:83)
at org.openqa.selenium.remote.RemoteWebDriver.execute(RemoteWebDriver.java:552)
at org.openqa.selenium.remote.RemoteWebElement.execute(RemoteWebElement.java:285)
at org.openqa.selenium.remote.RemoteWebElement.click(RemoteWebElement.java:84)
at Hook.Utilities.click_element_xpath(Utilities.java:74)
at PageObject.Spotify.spotifyHomePage.accept_cookies(spotifyHomePage.java:25)
at Hook.BeforeAfterDriver.DriverSpotify.setup(DriverSpotify.java:29)
at sun.reflect.NativeMethodAccessorImpl.invoke0(Native Method)
at sun.reflect.NativeMethodAccessorImpl.invoke(NativeMethodAccessorImpl.java:62)
at sun.reflect.DelegatingMethodAccessorImpl.invoke(DelegatingMethodAccessorImpl.java:43)
at java.lang.reflect.Method.invoke(Method.java:498)
at org.testng.internal.MethodInvocationHelper.invokeMethod(MethodInvocationHelper.java:132)
at org.testng.internal.MethodInvocationHelper.invokeMethodConsideringTimeout(MethodInvocationHelper.java:61)
at org.testng.internal.ConfigInvoker.invokeConfigurationMethod(ConfigInvoker.java:366)
at org.testng.internal.ConfigInvoker.invokeConfigurations(ConfigInvoker.java:320)
at org.testng.internal.TestInvoker.runConfigMethods(TestInvoker.java:701)
at org.testng.internal.TestInvoker.invokeMethod(TestInvoker.java:527)
at org.testng.internal.TestInvoker.invokeTestMethod(TestInvoker.java:174)
at org.testng.internal.MethodRunner.runInSequence(MethodRunner.java:46)
at org.testng.internal.TestInvoker$MethodInvocationAgent.invoke(TestInvoker.java:822)
at org.testng.internal.TestInvoker.invokeTestMethods(TestInvoker.java:147)
at org.testng.internal.TestMethodWorker.invokeTestMethods(TestMethodWorker.java:146)
at org.testng.internal.TestMethodWorker.run(TestMethodWorker.java:128)
at java.util.ArrayList.forEach(ArrayList.java:1257)
at org.testng.TestRunner.privateRun(TestRunner.java:764)
at org.testng.TestRunner.run(TestRunner.java:585)
at org.testng.SuiteRunner.runTest(SuiteRunner.java:384)
at org.testng.SuiteRunner.runSequentially(SuiteRunner.java:378)
at org.testng.SuiteRunner.privateRun(SuiteRunner.java:337)
at org.testng.SuiteRunner.run(SuiteRunner.java:286)
at org.testng.SuiteRunnerWorker.runSuite(SuiteRunnerWorker.java:53)
at org.testng.SuiteRunnerWorker.run(SuiteRunnerWorker.java:96)
at org.testng.TestNG.runSuitesSequentially(TestNG.java:1218)
at org.testng.TestNG.runSuitesLocally(TestNG.java:1140)
at org.testng.TestNG.runSuites(TestNG.java:1069)
at org.testng.TestNG.run(TestNG.java:1037)
at org.apache.maven.surefire.testng.TestNGExecutor.run(TestNGExecutor.java:77)
at org.apache.maven.surefire.testng.TestNGDirectoryTestSuite.executeMulti(TestNGDirectoryTestSuite.java:159)
at org.apache.maven.surefire.testng.TestNGDirectoryTestSuite.execute(TestNGDirectoryTestSuite.java:99)
at org.apache.maven.surefire.testng.TestNGProvider.invoke(TestNGProvider.java:106)
at sun.reflect.NativeMethodAccessorImpl.invoke0(Native Method)
at sun.reflect.NativeMethodAccessorImpl.invoke(NativeMethodAccessorImpl.java:62)
at sun.reflect.DelegatingMethodAccessorImpl.invoke(DelegatingMethodAccessorImpl.java:43)
at java.lang.reflect.Method.invoke(Method.java:498)
at org.apache.maven.surefire.util.ReflectionUtils.invokeMethodWithArray(ReflectionUtils.java:189)
at org.apache.maven.surefire.booter.ProviderFactory$ProviderProxy.invoke(ProviderFactory.java:165)
at org.apache.maven.surefire.booter.ProviderFactory.invokeProvider(ProviderFactory.java:85)
at org.apache.maven.surefire.booter.ForkedBooter.runSuitesInProcess(ForkedBooter.java:115)
at org.apache.maven.surefire.booter.ForkedBooter.main(ForkedBooter.java:75)
]]>
            </full-stacktrace>
          </exception> <!-- org.openqa.selenium.ElementClickInterceptedException -->
          <reporter-output>
          </reporter-output>
        </test-method> <!-- verifySignupUrl -->
        <test-method status="SKIP" signature="cerrarDriver()[pri:0, instance:test.SpotifyTest.SpotifyTest@422b8438]" name="cerrarDriver" is-config="true" duration-ms="-1615026727180" started-at="2021-03-06T11:32:07 CET" finished-at="1970-01-01T01:00:00 CET">
          <reporter-output>
          </reporter-output>
        </test-method> <!-- cerrarDriver -->
        <test-method status="SKIP" signature="setup()[pri:0, instance:test.SpotifyTest.SpotifyTest@422b8438]" name="setup" is-config="true" duration-ms="-1615026786352" started-at="2021-03-06T11:33:06 CET" finished-at="1970-01-01T01:00:00 CET">
          <reporter-output>
          </reporter-output>
        </test-method> <!-- setup -->
        <test-method status="SKIP" signature="validateExistingEmail()[pri:3, instance:test.SpotifyTest.SpotifyTest@422b8438, instance params:[]]" name="validateExistingEmail" duration-ms="0" started-at="2021-03-06T11:33:06 CET" finished-at="2021-03-06T11:33:06 CET">
          <exception class="org.openqa.selenium.ElementClickInterceptedException">
            <message>
              <![CDATA[element click intercepted: Element is not clickable at point (142, 672)
  (Session info: chrome=89.0.4389.72)
Build info: version: '3.141.59', revision: 'e82be7d358', time: '2018-11-14T08:17:03'
System info: host: 'MacBook-Pro-de-fernando.local', ip: 'fe80:0:0:0:14fa:8833:38ad:407b%en0', os.name: 'Mac OS X', os.arch: 'x86_64', os.version: '10.16', java.version: '1.8.0_181'
Driver info: org.openqa.selenium.chrome.ChromeDriver
Capabilities {acceptInsecureCerts: false, browserName: chrome, browserVersion: 89.0.4389.72, chrome: {chromedriverVersion: 88.0.4324.27 (6347fe8bf1e48..., userDataDir: /var/folders/3v/1sl8t8xd1ql...}, goog:chromeOptions: {debuggerAddress: localhost:50390}, javascriptEnabled: true, networkConnectionEnabled: false, pageLoadStrategy: normal, platform: MAC, platformName: MAC, proxy: Proxy(), setWindowRect: true, strictFileInteractability: false, timeouts: {implicit: 0, pageLoad: 300000, script: 30000}, unhandledPromptBehavior: dismiss and notify, webauthn:extension:largeBlob: true, webauthn:virtualAuthenticators: true}
Session ID: 9094011204a3888914f99849e6b4077b]]>
            </message>
            <full-stacktrace>
              <![CDATA[org.openqa.selenium.ElementClickInterceptedException: element click intercepted: Element is not clickable at point (142, 672)
  (Session info: chrome=89.0.4389.72)
Build info: version: '3.141.59', revision: 'e82be7d358', time: '2018-11-14T08:17:03'
System info: host: 'MacBook-Pro-de-fernando.local', ip: 'fe80:0:0:0:14fa:8833:38ad:407b%en0', os.name: 'Mac OS X', os.arch: 'x86_64', os.version: '10.16', java.version: '1.8.0_181'
Driver info: org.openqa.selenium.chrome.ChromeDriver
Capabilities {acceptInsecureCerts: false, browserName: chrome, browserVersion: 89.0.4389.72, chrome: {chromedriverVersion: 88.0.4324.27 (6347fe8bf1e48..., userDataDir: /var/folders/3v/1sl8t8xd1ql...}, goog:chromeOptions: {debuggerAddress: localhost:50390}, javascriptEnabled: true, networkConnectionEnabled: false, pageLoadStrategy: normal, platform: MAC, platformName: MAC, proxy: Proxy(), setWindowRect: true, strictFileInteractability: false, timeouts: {implicit: 0, pageLoad: 300000, script: 30000}, unhandledPromptBehavior: dismiss and notify, webauthn:extension:largeBlob: true, webauthn:virtualAuthenticators: true}
Session ID: 9094011204a3888914f99849e6b4077b
at sun.reflect.NativeConstructorAccessorImpl.newInstance0(Native Method)
at sun.reflect.NativeConstructorAccessorImpl.newInstance(NativeConstructorAccessorImpl.java:62)
at sun.reflect.DelegatingConstructorAccessorImpl.newInstance(DelegatingConstructorAccessorImpl.java:45)
at java.lang.reflect.Constructor.newInstance(Constructor.java:423)
at org.openqa.selenium.remote.http.W3CHttpResponseCodec.createException(W3CHttpResponseCodec.java:187)
at org.openqa.selenium.remote.http.W3CHttpResponseCodec.decode(W3CHttpResponseCodec.java:122)
at org.openqa.selenium.remote.http.W3CHttpResponseCodec.decode(W3CHttpResponseCodec.java:49)
at org.openqa.selenium.remote.HttpCommandExecutor.execute(HttpCommandExecutor.java:158)
at org.openqa.selenium.remote.service.DriverCommandExecutor.execute(DriverCommandExecutor.java:83)
at org.openqa.selenium.remote.RemoteWebDriver.execute(RemoteWebDriver.java:552)
at org.openqa.selenium.remote.RemoteWebElement.execute(RemoteWebElement.java:285)
at org.openqa.selenium.remote.RemoteWebElement.click(RemoteWebElement.java:84)
at Hook.Utilities.click_element_xpath(Utilities.java:74)
at PageObject.Spotify.spotifyHomePage.accept_cookies(spotifyHomePage.java:25)
at Hook.BeforeAfterDriver.DriverSpotify.setup(DriverSpotify.java:29)
at sun.reflect.NativeMethodAccessorImpl.invoke0(Native Method)
at sun.reflect.NativeMethodAccessorImpl.invoke(NativeMethodAccessorImpl.java:62)
at sun.reflect.DelegatingMethodAccessorImpl.invoke(DelegatingMethodAccessorImpl.java:43)
at java.lang.reflect.Method.invoke(Method.java:498)
at org.testng.internal.MethodInvocationHelper.invokeMethod(MethodInvocationHelper.java:132)
at org.testng.internal.MethodInvocationHelper.invokeMethodConsideringTimeout(MethodInvocationHelper.java:61)
at org.testng.internal.ConfigInvoker.invokeConfigurationMethod(ConfigInvoker.java:366)
at org.testng.internal.ConfigInvoker.invokeConfigurations(ConfigInvoker.java:320)
at org.testng.internal.TestInvoker.runConfigMethods(TestInvoker.java:701)
at org.testng.internal.TestInvoker.invokeMethod(TestInvoker.java:527)
at org.testng.internal.TestInvoker.invokeTestMethod(TestInvoker.java:174)
at org.testng.internal.MethodRunner.runInSequence(MethodRunner.java:46)
at org.testng.internal.TestInvoker$MethodInvocationAgent.invoke(TestInvoker.java:822)
at org.testng.internal.TestInvoker.invokeTestMethods(TestInvoker.java:147)
at org.testng.internal.TestMethodWorker.invokeTestMethods(TestMethodWorker.java:146)
at org.testng.internal.TestMethodWorker.run(TestMethodWorker.java:128)
at java.util.ArrayList.forEach(ArrayList.java:1257)
at org.testng.TestRunner.privateRun(TestRunner.java:764)
at org.testng.TestRunner.run(TestRunner.java:585)
at org.testng.SuiteRunner.runTest(SuiteRunner.java:384)
at org.testng.SuiteRunner.runSequentially(SuiteRunner.java:378)
at org.testng.SuiteRunner.privateRun(SuiteRunner.java:337)
at org.testng.SuiteRunner.run(SuiteRunner.java:286)
at org.testng.SuiteRunnerWorker.runSuite(SuiteRunnerWorker.java:53)
at org.testng.SuiteRunnerWorker.run(SuiteRunnerWorker.java:96)
at org.testng.TestNG.runSuitesSequentially(TestNG.java:1218)
at org.testng.TestNG.runSuitesLocally(TestNG.java:1140)
at org.testng.TestNG.runSuites(TestNG.java:1069)
at org.testng.TestNG.run(TestNG.java:1037)
at org.apache.maven.surefire.testng.TestNGExecutor.run(TestNGExecutor.java:77)
at org.apache.maven.surefire.testng.TestNGDirectoryTestSuite.executeMulti(TestNGDirectoryTestSuite.java:159)
at org.apache.maven.surefire.testng.TestNGDirectoryTestSuite.execute(TestNGDirectoryTestSuite.java:99)
at org.apache.maven.surefire.testng.TestNGProvider.invoke(TestNGProvider.java:106)
at sun.reflect.NativeMethodAccessorImpl.invoke0(Native Method)
at sun.reflect.NativeMethodAccessorImpl.invoke(NativeMethodAccessorImpl.java:62)
at sun.reflect.DelegatingMethodAccessorImpl.invoke(DelegatingMethodAccessorImpl.java:43)
at java.lang.reflect.Method.invoke(Method.java:498)
at org.apache.maven.surefire.util.ReflectionUtils.invokeMethodWithArray(ReflectionUtils.java:189)
at org.apache.maven.surefire.booter.ProviderFactory$ProviderProxy.invoke(ProviderFactory.java:165)
at org.apache.maven.surefire.booter.ProviderFactory.invokeProvider(ProviderFactory.java:85)
at org.apache.maven.surefire.booter.ForkedBooter.runSuitesInProcess(ForkedBooter.java:115)
at org.apache.maven.surefire.booter.ForkedBooter.main(ForkedBooter.java:75)
]]>
            </full-stacktrace>
          </exception> <!-- org.openqa.selenium.ElementClickInterceptedException -->
          <reporter-output>
          </reporter-output>
        </test-method> <!-- validateExistingEmail -->
        <test-method status="SKIP" signature="cerrarDriver()[pri:0, instance:test.SpotifyTest.SpotifyTest@422b8438]" name="cerrarDriver" is-config="true" duration-ms="-1615026786353" started-at="2021-03-06T11:33:06 CET" finished-at="1970-01-01T01:00:00 CET">
          <reporter-output>
          </reporter-output>
        </test-method> <!-- cerrarDriver -->
        <test-method status="SKIP" signature="cerrarDriver()[pri:0, instance:test.SpotifyTest.SpotifyTest@422b8438]" name="cerrarDriver" is-config="true" duration-ms="-1615026802442" started-at="2021-03-06T11:33:22 CET" finished-at="1970-01-01T01:00:00 CET">
          <reporter-output>
          </reporter-output>
        </test-method> <!-- cerrarDriver -->
        <test-method status="SKIP" signature="setup()[pri:0, instance:test.SpotifyTest.SpotifyTest@422b8438]" name="setup" is-config="true" duration-ms="-1615026802442" started-at="2021-03-06T11:33:22 CET" finished-at="1970-01-01T01:00:00 CET">
          <reporter-output>
          </reporter-output>
        </test-method> <!-- setup -->
        <test-method status="SKIP" signature="checkEqualErrorMessages()[pri:5, instance:test.SpotifyTest.SpotifyTest@422b8438, instance params:[]]" name="checkEqualErrorMessages" duration-ms="0" started-at="2021-03-06T11:33:22 CET" finished-at="2021-03-06T11:33:22 CET">
          <exception class="org.openqa.selenium.ElementClickInterceptedException">
            <message>
              <![CDATA[element click intercepted: Element is not clickable at point (142, 672)
  (Session info: chrome=89.0.4389.72)
Build info: version: '3.141.59', revision: 'e82be7d358', time: '2018-11-14T08:17:03'
System info: host: 'MacBook-Pro-de-fernando.local', ip: 'fe80:0:0:0:14fa:8833:38ad:407b%en0', os.name: 'Mac OS X', os.arch: 'x86_64', os.version: '10.16', java.version: '1.8.0_181'
Driver info: org.openqa.selenium.chrome.ChromeDriver
Capabilities {acceptInsecureCerts: false, browserName: chrome, browserVersion: 89.0.4389.72, chrome: {chromedriverVersion: 88.0.4324.27 (6347fe8bf1e48..., userDataDir: /var/folders/3v/1sl8t8xd1ql...}, goog:chromeOptions: {debuggerAddress: localhost:50390}, javascriptEnabled: true, networkConnectionEnabled: false, pageLoadStrategy: normal, platform: MAC, platformName: MAC, proxy: Proxy(), setWindowRect: true, strictFileInteractability: false, timeouts: {implicit: 0, pageLoad: 300000, script: 30000}, unhandledPromptBehavior: dismiss and notify, webauthn:extension:largeBlob: true, webauthn:virtualAuthenticators: true}
Session ID: 9094011204a3888914f99849e6b4077b]]>
            </message>
            <full-stacktrace>
              <![CDATA[org.openqa.selenium.ElementClickInterceptedException: element click intercepted: Element is not clickable at point (142, 672)
  (Session info: chrome=89.0.4389.72)
Build info: version: '3.141.59', revision: 'e82be7d358', time: '2018-11-14T08:17:03'
System info: host: 'MacBook-Pro-de-fernando.local', ip: 'fe80:0:0:0:14fa:8833:38ad:407b%en0', os.name: 'Mac OS X', os.arch: 'x86_64', os.version: '10.16', java.version: '1.8.0_181'
Driver info: org.openqa.selenium.chrome.ChromeDriver
Capabilities {acceptInsecureCerts: false, browserName: chrome, browserVersion: 89.0.4389.72, chrome: {chromedriverVersion: 88.0.4324.27 (6347fe8bf1e48..., userDataDir: /var/folders/3v/1sl8t8xd1ql...}, goog:chromeOptions: {debuggerAddress: localhost:50390}, javascriptEnabled: true, networkConnectionEnabled: false, pageLoadStrategy: normal, platform: MAC, platformName: MAC, proxy: Proxy(), setWindowRect: true, strictFileInteractability: false, timeouts: {implicit: 0, pageLoad: 300000, script: 30000}, unhandledPromptBehavior: dismiss and notify, webauthn:extension:largeBlob: true, webauthn:virtualAuthenticators: true}
Session ID: 9094011204a3888914f99849e6b4077b
at sun.reflect.NativeConstructorAccessorImpl.newInstance0(Native Method)
at sun.reflect.NativeConstructorAccessorImpl.newInstance(NativeConstructorAccessorImpl.java:62)
at sun.reflect.DelegatingConstructorAccessorImpl.newInstance(DelegatingConstructorAccessorImpl.java:45)
[...]
            </message>
            <full-stacktrace>
              <![CDATA[org.openqa.selenium.WebDriverException: disconnected: Unable to receive message from renderer
  (Session info: chrome=89.0.4389.72)
Build info: version: '3.141.59', revision: 'e82be7d358', time: '2018-11-14T08:17:03'
System info: host: 'MacBook-Pro-de-fernando.local', ip: 'fe80:0:0:0:14fa:8833:38ad:407b%en0', os.name: 'Mac OS X', os.arch: 'x86_64', os.version: '10.16', java.version: '1.8.0_181'
Driver info: org.openqa.selenium.chrome.ChromeDriver
Capabilities {acceptInsecureCerts: false, browserName: chrome, browserVersion: 89.0.4389.72, chrome: {chromedriverVersion: 88.0.4324.27 (6347fe8bf1e48..., userDataDir: /var/folders/3v/1sl8t8xd1ql...}, goog:chromeOptions: {debuggerAddress: localhost:50912}, javascriptEnabled: true, networkConnectionEnabled: false, pageLoadStrategy: normal, platform: MAC, platformName: MAC, proxy: Proxy(), setWindowRect: true, strictFileInteractability: false, timeouts: {implicit: 0, pageLoad: 300000, script: 30000}, unhandledPromptBehavior: dismiss and notify, webauthn:extension:largeBlob: true, webauthn:virtualAuthenticators: true}
Session ID: b0aafb24bcbfb243ed5e9fa324e227ec
at sun.reflect.NativeConstructorAccessorImpl.newInstance0(Native Method)
at sun.reflect.NativeConstructorAccessorImpl.newInstance(NativeConstructorAccessorImpl.java:62)
at sun.reflect.DelegatingConstructorAccessorImpl.newInstance(DelegatingConstructorAccessorImpl.java:45)
at java.lang.reflect.Constructor.newInstance(Constructor.java:423)
at org.openqa.selenium.remote.http.W3CHttpResponseCodec.createException(W3CHttpResponseCodec.java:187)
at org.openqa.selenium.remote.http.W3CHttpResponseCodec.decode(W3CHttpResponseCodec.java:122)
at org.openqa.selenium.remote.http.W3CHttpResponseCodec.decode(W3CHttpResponseCodec.java:49)
at org.openqa.selenium.remote.HttpCommandExecutor.execute(HttpCommandExecutor.java:158)
at org.openqa.selenium.remote.service.DriverCommandExecutor.execute(DriverCommandExecutor.java:83)
at org.openqa.selenium.remote.RemoteWebDriver.execute(RemoteWebDriver.java:552)
at org.openqa.selenium.remote.RemoteWebElement.execute(RemoteWebElement.java:285)
at org.openqa.selenium.remote.RemoteWebElement.click(RemoteWebElement.java:84)
at Hook.Utilities.click_element_xpath(Utilities.java:74)
at PageObject.Netflix.NetflixHome.init_Session(NetflixHome.java:36)
at test.ExamTest.Netflix.iniciarSesionPageTest(Netflix.java:24)
at sun.reflect.NativeMethodAccessorImpl.invoke0(Native Method)
at sun.reflect.NativeMethodAccessorImpl.invoke(NativeMethodAccessorImpl.java:62)
at sun.reflect.DelegatingMethodAccessorImpl.invoke(DelegatingMethodAccessorImpl.java:43)
at java.lang.reflect.Method.invoke(Method.java:498)
at org.testng.internal.MethodInvocationHelper.invokeMethod(MethodInvocationHelper.java:132)
at org.testng.internal.TestInvoker.invokeMethod(TestInvoker.java:599)
at org.testng.internal.TestInvoker.invokeTestMethod(TestInvoker.java:174)
at org.testng.internal.MethodRunner.runInSequence(MethodRunner.java:46)
at org.testng.internal.TestInvoker$MethodInvocationAgent.invoke(TestInvoker.java:822)
at org.testng.internal.TestInvoker.invokeTestMethods(TestInvoker.java:147)
at org.testng.internal.TestMethodWorker.invokeTestMethods(TestMethodWorker.java:146)
at org.testng.internal.TestMethodWorker.run(TestMethodWorker.java:128)
at java.util.ArrayList.forEach(ArrayList.java:1257)
at org.testng.TestRunner.privateRun(TestRunner.java:764)
at org.testng.TestRunner.run(TestRunner.java:585)
at org.testng.SuiteRunner.runTest(SuiteRunner.java:384)
at org.testng.SuiteRunner.runSequentially(SuiteRunner.java:378)
at org.testng.SuiteRunner.privateRun(SuiteRunner.java:337)
at org.testng.SuiteRunner.run(SuiteRunner.java:286)
at org.testng.SuiteRunnerWorker.runSuite(SuiteRunnerWorker.java:53)
at org.testng.SuiteRunnerWorker.run(SuiteRunnerWorker.java:96)
at org.testng.TestNG.runSuitesSequentially(TestNG.java:1218)
at org.testng.TestNG.runSuitesLocally(TestNG.java:1140)
at org.testng.TestNG.runSuites(TestNG.java:1069)
at org.testng.TestNG.run(TestNG.java:1037)
at org.apache.maven.surefire.testng.TestNGExecutor.run(TestNGExecutor.java:77)
at org.apache.maven.surefire.testng.TestNGDirectoryTestSuite.executeMulti(TestNGDirectoryTestSuite.java:159)
at org.apache.maven.surefire.testng.TestNGDirectoryTestSuite.execute(TestNGDirectoryTestSuite.java:99)
at org.apache.maven.surefire.testng.TestNGProvider.invoke(TestNGProvider.java:106)
at sun.reflect.NativeMethodAccessorImpl.invoke0(Native Method)
at sun.reflect.NativeMethodAccessorImpl.invoke(NativeMethodAccessorImpl.java:62)
at sun.reflect.DelegatingMethodAccessorImpl.invoke(DelegatingMethodAccessorImpl.java:43)
at java.lang.reflect.Method.invoke(Method.java:498)
at org.apache.maven.surefire.util.ReflectionUtils.invokeMethodWithArray(ReflectionUtils.java:189)
at org.apache.maven.surefire.booter.ProviderFactory$ProviderProxy.invoke(ProviderFactory.java:165)
at org.apache.maven.surefire.booter.ProviderFactory.invokeProvider(ProviderFactory.java:85)
at org.apache.maven.surefire.booter.ForkedBooter.runSuitesInProcess(ForkedBooter.java:115)
at org.apache.maven.surefire.booter.ForkedBooter.main(ForkedBooter.java:75)
]]>
            </full-stacktrace>
          </exception> <!-- org.openqa.selenium.WebDriverException -->
          <reporter-output>
          </reporter-output>
        </test-method> <!-- iniciarSesionPageTest -->
        <test-method status="PASS" signature="cerrarDriver()[pri:0, instance:test.ExamTest.Netflix@70331432]" name="cerrarDriver" is-config="true" duration-ms="97" started-at="2021-03-06T11:33:22 CET" finished-at="2021-03-06T11:33:22 CET">
          <reporter-output>
          </reporter-output>
        </test-method> <!-- cerrarDriver -->
        <test-method status="PASS" signature="setup()[pri:0, instance:test.ExamTest.Netflix@70331432]" name="setup" is-config="true" duration-ms="4601" started-at="2021-03-06T11:33:22 CET" finished-at="2021-03-06T11:33:27 CET">
          <reporter-output>
          </reporter-output>
        </test-method> <!-- setup -->
        <test-method status="PASS" signature="get_title_page()[pri:5, instance:test.ExamTest.Netflix@70331432, instance params:[]]" name="get_title_page" duration-ms="115" started-at="2021-03-06T11:33:27 CET" finished-at="2021-03-06T11:33:27 CET">
          <reporter-output>
          </reporter-output>
        </test-method> <!-- get_title_page -->
        <test-method status="PASS" signature="cerrarDriver()[pri:0, instance:test.ExamTest.Netflix@70331432]" name="cerrarDriver" is-config="true" duration-ms="82" started-at="2021-03-06T11:33:27 CET" finished-at="2021-03-06T11:33:27 CET">
          <reporter-output>
          </reporter-output>
        </test-method> <!-- cerrarDriver -->
        <test-method status="PASS" signature="setup()[pri:0, instance:test.ExamTest.Netflix@70331432]" name="setup" is-config="true" duration-ms="4460" started-at="2021-03-06T11:33:27 CET" finished-at="2021-03-06T11:33:31 CET">
          <reporter-output>
          </reporter-output>
        </test-method> <!-- setup -->
        <test-method status="PASS" signature="get_title_page()[pri:5, instance:test.ExamTest.Netflix@743c6ce4, instance params:[]]" name="get_title_page" duration-ms="106" started-at="2021-03-06T11:33:31 CET" finished-at="2021-03-06T11:33:31 CET">
          <reporter-output>
          </reporter-output>
        </test-method> <!-- get_title_page -->
        <test-method status="PASS" signature="cerrarDriver()[pri:0, instance:test.ExamTest.Netflix@70331432]" name="cerrarDriver" is-config="true" duration-ms="87" started-at="2021-03-06T11:33:31 CET" finished-at="2021-03-06T11:33:31 CET">
          <reporter-output>
          </reporter-output>
        </test-method> <!-- cerrarDriver -->
      </class> <!-- test.ExamTest.Netflix -->
      <class name="test.DataProviderTest.PeopleTest">
        <test-method status="PASS" signature="nombresEdad(java.lang.String, java.lang.String, int)[pri:0, instance:test.DataProviderTest.PeopleTest@6ff415ad]" name="nombresEdad" duration-ms="0" started-at="2021-03-06T11:29:35 CET" data-provider="people" finished-at="2021-03-06T11:29:35 CET">
          <params>
            <param index="0">
              <value>
                <![CDATA[Diego]]>
              </value>
            </param>
            <param index="1">
              <value>
                <![CDATA[Manrique]]>
              </value>
            </param>
            <param index="2">
              <value>
                <![CDATA[28]]>
              </value>
            </param>
          </params>
          <reporter-output>
          </reporter-output>
        </test-method> <!-- nombresEdad -->
        <test-method status="PASS" signature="nombresEdad(java.lang.String, java.lang.String, int)[pri:0, instance:test.DataProviderTest.PeopleTest@6ff415ad]" name="nombresEdad" duration-ms="0" started-at="2021-03-06T11:29:35 CET" data-provider="people" finished-at="2021-03-06T11:29:35 CET">
          <params>
            <param index="0">
              <value>
                <![CDATA[Fernando]]>
              </value>
            </param>
            <param index="1">
              <value>
                <![CDATA[Manriqe]]>
              </value>
            </param>
            <param index="2">
              <value>
                <![CDATA[39]]>
              </value>
            </param>
          </params>
          <reporter-output>
          </reporter-output>
        </test-method> <!-- nombresEdad -->
      </class> <!-- test.DataProviderTest.PeopleTest -->
      <class name="test.DataProviderTest.PeopleSimpleTest">
        <test-method status="PASS" signature="nombresEdad(java.lang.String, int)[pri:0, instance:test.DataProviderTest.PeopleSimpleTest@10c2064a]" name="nombresEdad" duration-ms="3" started-at="2021-03-06T11:29:25 CET" data-provider="personas" finished-at="2021-03-06T11:29:25 CET">
          <params>
            <param index="0">
              <value>
                <![CDATA[Fernando]]>
              </value>
            </param>
            <param index="1">
              <value>
                <![CDATA[39]]>
              </value>
            </param>
          </params>
          <reporter-output>
          </reporter-output>
        </test-method> <!-- nombresEdad -->
        <test-method status="PASS" signature="nombresEdad(java.lang.String, int)[pri:0, instance:test.DataProviderTest.PeopleSimpleTest@10c2064a]" name="nombresEdad" duration-ms="0" started-at="2021-03-06T11:29:25 CET" data-provider="personas" finished-at="2021-03-06T11:29:25 CET">
          <params>
            <param index="0">
              <value>
                <![CDATA[Diego]]>
              </value>
            </param>
            <param index="1">
              <value>
                <![CDATA[28]]>
              </value>
            </param>
          </params>
          <reporter-output>
          </reporter-output>
        </test-method> <!-- nombresEdad -->
      </class> <!-- test.DataProviderTest.PeopleSimpleTest -->
      <class name="test.SalesForceTest.Testng">
        <test-method status="PASS" signature="beforeSuiteTest()[pri:0, instance:test.SalesForceTest.Testng@3bbf9027]" name="beforeSuiteTest" is-config="true" duration-ms="26" started-at="2021-03-06T11:29:25 CET" finished-at="2021-03-06T11:29:25 CET">
          <reporter-output>
          </reporter-output>
        </test-method> <!-- beforeSuiteTest -->
        <test-method status="PASS" signature="beforeTest()[pri:0, instance:test.SalesForceTest.Testng@3bbf9027]" name="beforeTest" is-config="true" duration-ms="1" started-at="2021-03-06T11:29:25 CET" finished-at="2021-03-06T11:29:25 CET">
          <reporter-output>
          </reporter-output>
        </test-method> <!-- beforeTest -->
        <test-method status="PASS" signature="beforeClass()[pri:0, instance:test.SalesForceTest.Testng@3bbf9027]" name="beforeClass" is-config="true" duration-ms="1" started-at="2021-03-06T11:33:31 CET" finished-at="2021-03-06T11:33:31 CET">
          <reporter-output>
          </reporter-output>
        </test-method> <!-- beforeClass -->
        <test-method status="PASS" signature="beforeMethod()[pri:0, instance:test.SalesForceTest.Testng@3bbf9027]" name="beforeMethod" is-config="true" duration-ms="0" started-at="2021-03-06T11:33:31 CET" finished-at="2021-03-06T11:33:31 CET">
          <reporter-output>
          </reporter-output>
        </test-method> <!-- beforeMethod -->
        <test-method status="PASS" signature="firstTest(java.lang.String)[pri:0, instance:test.SalesForceTest.Testng@3bbf9027]" name="firstTest" duration-ms="0" started-at="2021-03-06T11:33:31 CET" finished-at="2021-03-06T11:33:31 CET">
          <params>
            <param index="0">
              <value>
                <![CDATA[selenium@testing.com]]>
              </value>
            </param>
          </params>
          <reporter-output>
          </reporter-output>
        </test-method> <!-- firstTest -->
        <test-method status="PASS" signature="beforeMethod()[pri:0, instance:test.SalesForceTest.Testng@3bbf9027]" name="beforeMethod" is-config="true" duration-ms="0" started-at="2021-03-06T11:33:31 CET" finished-at="2021-03-06T11:33:31 CET">
          <reporter-output>
          </reporter-output>
        </test-method> <!-- beforeMethod -->
        <test-method status="PASS" signature="secondTest()[pri:0, instance:test.SalesForceTest.Testng@3bbf9027]" name="secondTest" duration-ms="1" started-at="2021-03-06T11:33:31 CET" finished-at="2021-03-06T11:33:31 CET">
          <reporter-output>
          </reporter-output>
        </test-method> <!-- secondTest -->
        <test-method status="PASS" signature="afterMethodTest()[pri:0, instance:test.SalesForceTest.Testng@3bbf9027]" name="afterMethodTest" is-config="true" duration-ms="0" started-at="2021-03-06T11:33:31 CET" finished-at="2021-03-06T11:33:31 CET">
          <reporter-output>
          </reporter-output>
        </test-method> <!-- afterMethodTest -->
        <test-method status="PASS" signature="afterClass()[pri:0, instance:test.SalesForceTest.Testng@3bbf9027]" name="afterClass" is-config="true" duration-ms="0" started-at="2021-03-06T11:33:31 CET" finished-at="2021-03-06T11:33:31 CET">
          <reporter-output>
          </reporter-output>
        </test-method> <!-- afterClass -->
        <test-method status="PASS" signature="afterMethodTest()[pri:0, instance:test.SalesForceTest.Testng@3bbf9027]" name="afterMethodTest" is-config="true" duration-ms="0" started-at="2021-03-06T11:33:31 CET" finished-at="2021-03-06T11:33:31 CET">
          <reporter-output>
          </reporter-output>
        </test-method> <!-- afterMethodTest -->
        <test-method status="PASS" signature="afterTest()[pri:0, instance:test.SalesForceTest.Testng@3bbf9027]" name="afterTest" is-config="true" duration-ms="1" started-at="2021-03-06T11:36:09 CET" finished-at="2021-03-06T11:36:09 CET">
          <reporter-output>
          </reporter-output>
        </test-method> <!-- afterTest -->
        <test-method status="PASS" signature="afterSuite()[pri:0, instance:test.SalesForceTest.Testng@3bbf9027]" name="afterSuite" is-config="true" duration-ms="0" started-at="2021-03-06T11:36:14 CET" finished-at="2021-03-06T11:36:14 CET">
          <reporter-output>
          </reporter-output>
        </test-method> <!-- afterSuite -->
      </class> <!-- test.SalesForceTest.Testng -->
      <class name="test.FacebookTest.FacebookLoginTest">
        <test-method status="PASS" signature="setup()[pri:0, instance:test.FacebookTest.FacebookLoginTest@629adce]" name="setup" is-config="true" duration-ms="4681" started-at="2021-03-06T11:34:57 CET" finished-at="2021-03-06T11:35:02 CET">
          <reporter-output>
          </reporter-output>
        </test-method> <!-- setup -->
        <test-method status="PASS" signature="forgotAccountTest()[pri:0, instance:test.FacebookTest.FacebookLoginTest@629adce, instance params:[]]" name="forgotAccountTest" duration-ms="1535" started-at="2021-03-06T11:35:02 CET" finished-at="2021-03-06T11:35:04 CET">
          <reporter-output>
          </reporter-output>
        </test-method> <!-- forgotAccountTest -->
        <test-method status="PASS" signature="cerrarDriver()[pri:0, instance:test.FacebookTest.FacebookLoginTest@629adce]" name="cerrarDriver" is-config="true" duration-ms="104" started-at="2021-03-06T11:35:04 CET" finished-at="2021-03-06T11:35:04 CET">
          <reporter-output>
          </reporter-output>
        </test-method> <!-- cerrarDriver -->
        <test-method status="PASS" signature="setup()[pri:0, instance:test.FacebookTest.FacebookLoginTest@629adce]" name="setup" is-config="true" duration-ms="3634" started-at="2021-03-06T11:35:04 CET" finished-at="2021-03-06T11:35:07 CET">
          <reporter-output>
          </reporter-output>
        </test-method> <!-- setup -->
        <test-method status="PASS" signature="setup()[pri:0, instance:test.FacebookTest.FacebookLoginTest@629adce, instance params:[]]" name="setup" duration-ms="3627" started-at="2021-03-06T11:35:07 CET" finished-at="2021-03-06T11:35:11 CET">
          <reporter-output>
          </reporter-output>
        </test-method> <!-- setup -->
        <test-method status="PASS" signature="cerrarDriver()[pri:0, instance:test.FacebookTest.FacebookLoginTest@629adce]" name="cerrarDriver" is-config="true" duration-ms="97" started-at="2021-03-06T11:35:11 CET" finished-at="2021-03-06T11:35:11 CET">
          <reporter-output>
          </reporter-output>
        </test-method> <!-- cerrarDriver -->
        <test-method status="PASS" signature="setup()[pri:0, instance:test.FacebookTest.FacebookLoginTest@629adce]" name="setup" is-config="true" duration-ms="2832" started-at="2021-03-06T11:35:11 CET" finished-at="2021-03-06T11:35:14 CET">
          <reporter-output>
          </reporter-output>
        </test-method> <!-- setup -->
        <test-method status="PASS" signature="forgotAccountPartialLinkTest()[pri:1, instance:test.FacebookTest.FacebookLoginTest@629adce, instance params:[]]" name="forgotAccountPartialLinkTest" duration-ms="1627" started-at="2021-03-06T11:35:14 CET" finished-at="2021-03-06T11:35:16 CET">
          <reporter-output>
          </reporter-output>
        </test-method> <!-- forgotAccountPartialLinkTest -->
        <test-method status="PASS" signature="cerrarDriver()[pri:0, instance:test.FacebookTest.FacebookLoginTest@629adce]" name="cerrarDriver" is-config="true" duration-ms="103" started-at="2021-03-06T11:35:16 CET" finished-at="2021-03-06T11:35:16 CET">
          <reporter-output>
          </reporter-output>
        </test-method> <!-- cerrarDriver -->
        <test-method status="PASS" signature="setup()[pri:0, instance:test.FacebookTest.FacebookLoginTest@629adce]" name="setup" is-config="true" duration-ms="2688" started-at="2021-03-06T11:35:16 CET" finished-at="2021-03-06T11:35:18 CET">
          <reporter-output>
          </reporter-output>
        </test-method> <!-- setup -->
        <test-method status="PASS" signature="registrationToFacebookTest()[pri:3, instance:test.FacebookTest.FacebookLoginTest@629adce, instance params:[]]" name="registrationToFacebookTest" duration-ms="845" started-at="2021-03-06T11:35:18 CET" finished-at="2021-03-06T11:35:19 CET">
          <reporter-output>
          </reporter-output>
        </test-method> <!-- registrationToFacebookTest -->
        <test-method status="PASS" signature="cerrarDriver()[pri:0, instance:test.FacebookTest.FacebookLoginTest@629adce]" name="cerrarDriver" is-config="true" duration-ms="96" started-at="2021-03-06T11:35:19 CET" finished-at="2021-03-06T11:35:19 CET">
          <reporter-output>
          </reporter-output>
        </test-method> <!-- cerrarDriver -->
      </class> <!-- test.FacebookTest.FacebookLoginTest -->
    </test> <!-- Command line test -->
  </suite> <!-- Command line suite -->
</testng-results>
