<?xml version="1.0" encoding="UTF-8" ?>
<testsuite tests="8" failures="0" name="TestSuite" time="71.266" errors="0" skipped="0">
  <properties>
[...]
</properties>
  <testcase classname="clase2.EjerciciosLocalizadoresTest" name="customSalesforceLink" time="21.19"/>
  <testcase classname="clase2.EjerciciosLocalizadoresTest" name="forgotAccountPartialLinkTest" time="12.728"/>
  <testcase classname="clase2.EjerciciosLocalizadoresTest" name="forgotAccountTest" time="12.533"/>
  <testcase classname="clase2.EjerciciosLocalizadoresTest" name="registrationToFacebookTest" time="9.002"/>
  <testcase classname="clase1.PrimerTest" name="getTitleTest" time="6.115"/>
  <testcase classname="clase1.PrimerTest" name="mostrarSpotifyLinks" time="3.322"/>
  <testcase classname="clase1.PrimerTest" name="spotifyTest" time="3.374"/>
  <testcase classname="clase1.PrimerTest" name="testing" time="3.002"/>
</testsuite>